This is XeTeX, Version 3.1415926-2.2-0.9997.4 (TeX Live 2010) (format=xelatex 2010.9.14)  20 SEP 2010 12:21
entering extended mode
 restricted \write18 enabled.
 %&-line parsing enabled.
**\input article.tex
(./article.tex
(/usr/local/texlive/2010/texmf-dist/tex/latex/ltxdockit/ltxdockit.cls
Document Class: ltxdockit 2010/02/12 v1.2a LaTeX documentation kit
(/usr/local/texlive/2010/texmf-dist/tex/latex/ltxdockit/ltxdockit.def
File: ltxdockit.def 2010/02/12 v1.2a ltxdockit pre-configuration (DFSG-free)

(/usr/local/texlive/2010/texmf-dist/tex/latex/etoolbox/etoolbox.sty
Package: etoolbox 2010/09/12 v2.0a e-TeX tools for LaTeX

(/usr/local/texlive/2010/texmf-dist/tex/latex/etex-pkg/etex.sty
Package: etex 1998/03/26 v2.0 eTeX basic definition package (PEB)
\et@xins=\count80
)
\etb@tempcnta=\count81
)
(/usr/local/texlive/2010/texmf-dist/tex/latex/koma-script/scrartcl.cls
Document Class: scrartcl 2010/06/17 v3.06 KOMA-Script document class (article)
(/usr/local/texlive/2010/texmf-dist/tex/latex/koma-script/scrkbase.sty
Package: scrkbase 2010/06/17 v3.06 KOMA-Script package (KOMA-Script-dependent b
asics and keyval usage)

(/usr/local/texlive/2010/texmf-dist/tex/latex/koma-script/scrbase.sty
Package: scrbase 2010/06/17 v3.06 KOMA-Script package (KOMA-Script-independent 
basics and keyval usage)

(/usr/local/texlive/2010/texmf-dist/tex/latex/graphics/keyval.sty
Package: keyval 1999/03/16 v1.13 key=value parser (DPC)
\KV@toks@=\toks14
)
(/usr/local/texlive/2010/texmf-dist/tex/latex/koma-script/scrlfile.sty
Package: scrlfile 2009/03/25 v3.03 KOMA-Script package (loading files)

Package scrlfile, 2009/03/25 v3.03 KOMA-Script package (loading files)
                  Copyright (C) Markus Kohm

))) (/usr/local/texlive/2010/texmf-dist/tex/latex/koma-script/tocbasic.sty
Package: tocbasic 2010/06/09 v3.06 KOMA-Script package (handling toc-files)
)
Package tocbasic Info: omitting babel extension for `toc'
(tocbasic)             because of feature `nobabel' available
(tocbasic)             for `toc' on input line 115.
Package tocbasic Info: omitting babel extension for `lof'
(tocbasic)             because of feature `nobabel' available
(tocbasic)             for `lof' on input line 116.
Package tocbasic Info: omitting babel extension for `lot'
(tocbasic)             because of feature `nobabel' available
(tocbasic)             for `lot' on input line 117.
Package scrartcl Info: You've used obsolete option `11pt'.
(scrartcl)             \KOMAExecuteOptions{fontsize=11pt} will be
(scrartcl)             used instead.
(scrartcl)             You may simply replace `11pt'
(scrartcl)             by `fontsize=11pt'.
Class scrartcl Info: File `scrsize11pt.clo' used to setup font sizes on input l
ine 1209.

(/usr/local/texlive/2010/texmf-dist/tex/latex/koma-script/scrsize11pt.clo
File: scrsize11pt.clo 2010/06/17 v3.06 KOMA-Script font size class option (11pt
)
)
(/usr/local/texlive/2010/texmf-dist/tex/latex/koma-script/typearea.sty
Package: typearea 2010/06/17 v3.06 KOMA-Script package (type area)

Package typearea, 2010/06/17 v3.06 KOMA-Script package (type area)
                  Copyright (C) Frank Neukam, 1992-1994
                  Copyright (C) Markus Kohm, 1994-

\ta@bcor=\skip41
\ta@div=\count82
\ta@hblk=\skip42
\ta@vblk=\skip43
\ta@temp=\skip44
Package typearea Info: These are the values describing the layout:
(typearea)             DIV  = 9
(typearea)             BCOR = 0.0pt
(typearea)             \paperwidth      = 597.50793pt
(typearea)              \textwidth      = 398.33862pt
(typearea)              DIV departure   = -1%
(typearea)              \evensidemargin = 27.31467pt
(typearea)              \oddsidemargin  = 27.31467pt
(typearea)             \paperheight     = 845.04694pt
(typearea)              \textheight     = 568.60025pt
(typearea)              \topmargin      = -15.7759pt
(typearea)              \headheight     = 17.0pt
(typearea)              \headsep        = 20.40001pt
(typearea)              \topskip        = 11.0pt
(typearea)              \footskip       = 47.60002pt
(typearea)              \baselineskip   = 13.6pt
(typearea)              on input line 1133.
)
\c@part=\count83
\c@section=\count84
\c@subsection=\count85
\c@subsubsection=\count86
\c@paragraph=\count87
\c@subparagraph=\count88
\abovecaptionskip=\skip45
\belowcaptionskip=\skip46
\c@pti@nb@sid@b@x=\box26
\c@figure=\count89
\c@table=\count90
\bibindent=\dimen102
)) (/usr/local/texlive/2010/texmf-dist/tex/latex/tools/multicol.sty
Package: multicol 2008/12/05 v1.6h multicolumn formatting (FMi)
\c@tracingmulticols=\count91
\mult@box=\box27
\multicol@leftmargin=\dimen103
\c@unbalance=\count92
\c@collectmore=\count93
\doublecol@number=\count94
\multicoltolerance=\count95
\multicolpretolerance=\count96
\full@width=\dimen104
\page@free=\dimen105
\premulticols=\dimen106
\postmulticols=\dimen107
\multicolsep=\skip47
\multicolbaselineskip=\skip48
\partial@page=\box28
\last@line=\box29
\mult@rightbox=\box30
\mult@grightbox=\box31
\mult@gfirstbox=\box32
\mult@firstbox=\box33
\@tempa=\box34
\@tempa=\box35
\@tempa=\box36
\@tempa=\box37
\@tempa=\box38
\@tempa=\box39
\@tempa=\box40
\@tempa=\box41
\@tempa=\box42
\@tempa=\box43
\@tempa=\box44
\@tempa=\box45
\@tempa=\box46
\@tempa=\box47
\@tempa=\box48
\@tempa=\box49
\@tempa=\box50
\c@columnbadness=\count97
\c@finalcolumnbadness=\count98
\last@try=\dimen108
\multicolovershoot=\dimen109
\multicolundershoot=\dimen110
\mult@nat@firstbox=\box51
\colbreak@box=\box52
)
(/usr/local/texlive/2010/texmf-dist/tex/latex/base/fontenc.sty
Package: fontenc 2005/09/27 v1.99g Standard LaTeX package

(/usr/local/texlive/2010/texmf-dist/tex/latex/base/t1enc.def
File: t1enc.def 2005/09/27 v1.99g Standard LaTeX file
LaTeX Font Info:    Redeclaring font encoding T1 on input line 43.
))
(/usr/local/texlive/2010/texmf-dist/tex/latex/base/textcomp.sty
Package: textcomp 2005/09/27 v1.99g Standard LaTeX package
Package textcomp Info: Sub-encoding information:
(textcomp)               5 = only ISO-Adobe without \textcurrency
(textcomp)               4 = 5 + \texteuro
(textcomp)               3 = 4 + \textohm
(textcomp)               2 = 3 + \textestimated + \textcurrency
(textcomp)               1 = TS1 - \textcircled - \t
(textcomp)               0 = TS1 (full)
(textcomp)             Font families with sub-encoding setting implement
(textcomp)             only a restricted character set as indicated.
(textcomp)             Family '?' is the default used for unknown fonts.
(textcomp)             See the documentation for details.
Package textcomp Info: Setting ? sub-encoding to TS1/1 on input line 71.

(/usr/local/texlive/2010/texmf-dist/tex/latex/base/ts1enc.def
File: ts1enc.def 2001/06/05 v3.0e (jk/car/fm) Standard LaTeX file
)
LaTeX Info: Redefining \oldstylenums on input line 266.
Package textcomp Info: Setting cmr sub-encoding to TS1/0 on input line 281.
Package textcomp Info: Setting cmss sub-encoding to TS1/0 on input line 282.
Package textcomp Info: Setting cmtt sub-encoding to TS1/0 on input line 283.
Package textcomp Info: Setting cmvtt sub-encoding to TS1/0 on input line 284.
Package textcomp Info: Setting cmbr sub-encoding to TS1/0 on input line 285.
Package textcomp Info: Setting cmtl sub-encoding to TS1/0 on input line 286.
Package textcomp Info: Setting ccr sub-encoding to TS1/0 on input line 287.
Package textcomp Info: Setting ptm sub-encoding to TS1/4 on input line 288.
Package textcomp Info: Setting pcr sub-encoding to TS1/4 on input line 289.
Package textcomp Info: Setting phv sub-encoding to TS1/4 on input line 290.
Package textcomp Info: Setting ppl sub-encoding to TS1/3 on input line 291.
Package textcomp Info: Setting pag sub-encoding to TS1/4 on input line 292.
Package textcomp Info: Setting pbk sub-encoding to TS1/4 on input line 293.
Package textcomp Info: Setting pnc sub-encoding to TS1/4 on input line 294.
Package textcomp Info: Setting pzc sub-encoding to TS1/4 on input line 295.
Package textcomp Info: Setting bch sub-encoding to TS1/4 on input line 296.
Package textcomp Info: Setting put sub-encoding to TS1/5 on input line 297.
Package textcomp Info: Setting uag sub-encoding to TS1/5 on input line 298.
Package textcomp Info: Setting ugq sub-encoding to TS1/5 on input line 299.
Package textcomp Info: Setting ul8 sub-encoding to TS1/4 on input line 300.
Package textcomp Info: Setting ul9 sub-encoding to TS1/4 on input line 301.
Package textcomp Info: Setting augie sub-encoding to TS1/5 on input line 302.
Package textcomp Info: Setting dayrom sub-encoding to TS1/3 on input line 303.
Package textcomp Info: Setting dayroms sub-encoding to TS1/3 on input line 304.

Package textcomp Info: Setting pxr sub-encoding to TS1/0 on input line 305.
Package textcomp Info: Setting pxss sub-encoding to TS1/0 on input line 306.
Package textcomp Info: Setting pxtt sub-encoding to TS1/0 on input line 307.
Package textcomp Info: Setting txr sub-encoding to TS1/0 on input line 308.
Package textcomp Info: Setting txss sub-encoding to TS1/0 on input line 309.
Package textcomp Info: Setting txtt sub-encoding to TS1/0 on input line 310.
Package textcomp Info: Setting futs sub-encoding to TS1/4 on input line 311.
Package textcomp Info: Setting futx sub-encoding to TS1/4 on input line 312.
Package textcomp Info: Setting futj sub-encoding to TS1/4 on input line 313.
Package textcomp Info: Setting hlh sub-encoding to TS1/3 on input line 314.
Package textcomp Info: Setting hls sub-encoding to TS1/3 on input line 315.
Package textcomp Info: Setting hlst sub-encoding to TS1/3 on input line 316.
Package textcomp Info: Setting hlct sub-encoding to TS1/5 on input line 317.
Package textcomp Info: Setting hlx sub-encoding to TS1/5 on input line 318.
Package textcomp Info: Setting hlce sub-encoding to TS1/5 on input line 319.
Package textcomp Info: Setting hlcn sub-encoding to TS1/5 on input line 320.
Package textcomp Info: Setting hlcw sub-encoding to TS1/5 on input line 321.
Package textcomp Info: Setting hlcf sub-encoding to TS1/5 on input line 322.
Package textcomp Info: Setting pplx sub-encoding to TS1/3 on input line 323.
Package textcomp Info: Setting pplj sub-encoding to TS1/3 on input line 324.
Package textcomp Info: Setting ptmx sub-encoding to TS1/4 on input line 325.
Package textcomp Info: Setting ptmj sub-encoding to TS1/4 on input line 326.
)
(/usr/local/texlive/2010/texmf-dist/tex/latex/ltxdockit/ltxdockit.sty
Package: ltxdockit 2010/02/12 v1.2a LaTeX documentation kit

(/usr/local/texlive/2010/texmf-dist/tex/latex/listings/listings.sty
\lst@mode=\count99
\lst@gtempboxa=\box53
\lst@token=\toks15
\lst@length=\count100
\lst@currlwidth=\dimen111
\lst@column=\count101
\lst@pos=\count102
\lst@lostspace=\dimen112
\lst@width=\dimen113
\lst@newlines=\count103
\lst@lineno=\count104
\lst@maxwidth=\dimen114

(/usr/local/texlive/2010/texmf-dist/tex/latex/listings/lstmisc.sty
File: lstmisc.sty 2007/02/22 1.4 (Carsten Heinz)
\c@lstnumber=\count105
\lst@skipnumbers=\count106
\lst@framebox=\box54
)
(/usr/local/texlive/2010/texmf-dist/tex/latex/listings/listings.cfg
File: listings.cfg 2007/02/22 1.4 listings configuration
))
Package: listings 2007/02/22 1.4 (Carsten Heinz)

(/usr/local/texlive/2010/texmf-dist/tex/latex/graphics/color.sty
Package: color 2005/11/14 v1.0j Standard LaTeX Color (DPC)

(/usr/local/texlive/2010/texmf-dist/tex/latex/latexconfig/color.cfg
File: color.cfg 2007/01/18 v1.5 color configuration of teTeX/TeXLive
)
Package color Info: Driver file: xetex.def on input line 130.

(/usr/local/texlive/2010/texmf-dist/tex/xelatex/xetex-def/xetex.def
File: xetex.def 2009/11/22 v0.94 LaTeX color/graphics driver for XeTeX (RRM/JK)

))
(/usr/local/texlive/2010/texmf-dist/tex/latex/tools/xspace.sty
Package: xspace 2006/05/08 v1.12 Space after command names (DPC,MH)
)
(/usr/local/texlive/2010/texmf-dist/tex/generic/oberdiek/ifpdf.sty
Package: ifpdf 2010/01/28 v2.1 Provides the ifpdf switch (HO)
Package ifpdf Info: pdfTeX in pdf mode not detected.
)
(/usr/local/texlive/2010/texmf-dist/tex/latex/hyperref/hyperref.sty
Package: hyperref 2010/09/11 v6.81m Hypertext links for LaTeX

(/usr/local/texlive/2010/texmf-dist/tex/generic/oberdiek/ltxcmds.sty
Package: ltxcmds 2010/04/26 v1.7 LaTeX kernel commands for general use (HO)
)
(/usr/local/texlive/2010/texmf-dist/tex/generic/oberdiek/kvsetkeys.sty
Package: kvsetkeys 2010/03/01 v1.9 Key value parser (HO)

(/usr/local/texlive/2010/texmf-dist/tex/generic/oberdiek/infwarerr.sty
Package: infwarerr 2010/04/08 v1.3 Providing info/warning/message (HO)
)
(/usr/local/texlive/2010/texmf-dist/tex/generic/oberdiek/etexcmds.sty
Package: etexcmds 2010/01/28 v1.3 Prefix for e-TeX command names (HO)
Package etexcmds Info: Could not find \expanded.
(etexcmds)             That can mean that you are not using pdfTeX 1.50 or
(etexcmds)             that some package has redefined \expanded.
(etexcmds)             In the latter case, load this package earlier.
))
(/usr/local/texlive/2010/texmf-dist/tex/generic/oberdiek/pdfescape.sty
Package: pdfescape 2010/03/01 v1.9 Provides hex, PDF name and string conversion
s (HO)

(/usr/local/texlive/2010/texmf-dist/tex/generic/oberdiek/pdftexcmds.sty
Package: pdftexcmds 2010/04/01 v0.9 Utility functions of pdfTeX for LuaTeX (HO)


(/usr/local/texlive/2010/texmf-dist/tex/generic/oberdiek/ifluatex.sty
Package: ifluatex 2010/03/01 v1.3 Provides the ifluatex switch (HO)
Package ifluatex Info: LuaTeX not detected.
)
Package pdftexcmds Info: LuaTeX not detected.
Package pdftexcmds Info: pdfTeX >= 1.30 not detected.
Package pdftexcmds Info: \pdf@primitive is available.
Package pdftexcmds Info: \pdf@ifprimitive is available.
))
(/usr/local/texlive/2010/texmf-dist/tex/generic/oberdiek/ifvtex.sty
Package: ifvtex 2010/03/01 v1.5 Switches for detecting VTeX and its modes (HO)
Package ifvtex Info: VTeX not detected.
)
(/usr/local/texlive/2010/texmf-dist/tex/generic/ifxetex/ifxetex.sty
Package: ifxetex 2010/09/12 v0.6 Provides ifxetex conditional
)
(/usr/local/texlive/2010/texmf-dist/tex/latex/oberdiek/hycolor.sty
Package: hycolor 2009/12/12 v1.6 Color options of hyperref/bookmark (HO)

(/usr/local/texlive/2010/texmf-dist/tex/latex/oberdiek/xcolor-patch.sty
Package: xcolor-patch 2009/12/12 xcolor patch
))
(/usr/local/texlive/2010/texmf-dist/tex/latex/oberdiek/letltxmacro.sty
Package: letltxmacro 2008/06/24 v1.3 Let assignment for LaTeX macros (HO)
)
\@linkdim=\dimen115
\Hy@linkcounter=\count107
\Hy@pagecounter=\count108

(/usr/local/texlive/2010/texmf-dist/tex/latex/hyperref/pd1enc.def
File: pd1enc.def 2010/09/11 v6.81m Hyperref: PDFDocEncoding definition (HO)
)
(/usr/local/texlive/2010/texmf-dist/tex/generic/oberdiek/intcalc.sty
Package: intcalc 2007/09/27 v1.1 Expandable integer calculations (HO)
)
\Hy@SavedSpaceFactor=\count109

(/usr/local/texlive/2010/texmf-dist/tex/xelatex/xetexconfig/hyperref.cfg
File: hyperref.cfg 2008/07/11 v1.2 hyperref configuration for XeLaTeX
)
(/usr/local/texlive/2010/texmf-dist/tex/latex/oberdiek/kvoptions.sty
Package: kvoptions 2010/02/22 v3.7 Keyval support for LaTeX options (HO)
)
Package hyperref Info: Hyper figures OFF on input line 3755.
Package hyperref Info: Link nesting OFF on input line 3760.
Package hyperref Info: Hyper index ON on input line 3763.
Package hyperref Info: Plain pages OFF on input line 3770.
Package hyperref Info: Backreferencing OFF on input line 3775.

Implicit mode ON; LaTeX internals redefined
Package hyperref Info: Bookmarks ON on input line 3971.
\c@Hy@tempcnt=\count110
(/usr/local/texlive/2010/texmf-dist/tex/latex/url/url.sty
\Urlmuskip=\muskip10
Package: url 2006/04/12  ver 3.3  Verb mode for urls, etc.
)
LaTeX Info: Redefining \url on input line 4326.

(/usr/local/texlive/2010/texmf-dist/tex/generic/oberdiek/bitset.sty
Package: bitset 2007/09/28 v1.0 Data type bit set (HO)

(/usr/local/texlive/2010/texmf-dist/tex/generic/oberdiek/bigintcalc.sty
Package: bigintcalc 2007/11/11 v1.1 Expandable big integer calculations (HO)
))
\Fld@menulength=\count111
\Field@Width=\dimen116
\Fld@charsize=\dimen117
Package hyperref Info: Hyper figures OFF on input line 5365.
Package hyperref Info: Link nesting OFF on input line 5370.
Package hyperref Info: Hyper index ON on input line 5373.
Package hyperref Info: backreferencing OFF on input line 5380.
Package hyperref Info: Link coloring OFF on input line 5385.
Package hyperref Info: Link coloring with OCG OFF on input line 5390.
Package hyperref Info: PDF/A mode OFF on input line 5395.
LaTeX Info: Redefining \ref on input line 5435.
LaTeX Info: Redefining \pageref on input line 5439.

(/usr/local/texlive/2010/texmf-dist/tex/generic/oberdiek/atbegshi.sty
Package: atbegshi 2010/03/25 v1.12 At begin shipout hook (HO)
)
\Hy@abspage=\count112
\c@Item=\count113
\c@Hfootnote=\count114
)
* hyperref using default driver hxetex *
(/usr/local/texlive/2010/texmf-dist/tex/latex/hyperref/hxetex.def
File: hxetex.def 2010/09/11 v6.81m Hyperref driver for XeTeX

(/usr/local/texlive/2010/texmf-dist/tex/latex/hyperref/puenc.def
File: puenc.def 2010/09/11 v6.81m Hyperref: PDF Unicode definition (HO)
)
(/usr/local/texlive/2010/texmf-dist/tex/generic/oberdiek/stringenc.sty
Package: stringenc 2010/03/01 v1.8 Converts strings between encodings (HO)
)
\pdfm@box=\box55
\c@Hy@AnnotLevel=\count115
\HyField@AnnotCount=\count116
\Fld@listcount=\count117
\c@bookmark@seq@number=\count118

(/usr/local/texlive/2010/texmf-dist/tex/latex/oberdiek/rerunfilecheck.sty
Package: rerunfilecheck 2010/03/16 v1.6 Rerun checks for auxiliary files (HO)
Package rerunfilecheck Info: Feature \pdfmdfivesum is not available
(rerunfilecheck)             (e.g. pdfTeX or LuaTeX with package `pdftexcmds').

(rerunfilecheck)             Therefore file contents cannot be checked efficien
tly
(rerunfilecheck)             and the loading of the package is aborted.
)
\Hy@SectionHShift=\skip49
)
\ltd@tempcnta=\count119
\ltd@tempdima=\dimen118
\marglistwidth=\skip50
\marglistsep=\skip51
\lstenvsep=\skip52
)
(/usr/local/texlive/2010/texmf-dist/tex/latex/oberdiek/hypcap.sty
Package: hypcap 2008/09/08 v1.10 Adjusting anchors of captions (HO)
)
Package hyperref Info: Option `colorlinks' set `true' on input line 53.


Package hyperref Warning: Option `bookmarks' has already been used,
(hyperref)                setting the option has no effect on input line 53.

Package hyperref Info: Option `bookmarksopen' set `false' on input line 53.
Package hyperref Info: Option `bookmarksnumbered' set `false' on input line 53.


Package hyperref Warning: Option `hyperfootnotes' has already been used,
(hyperref)                setting the option has no effect on input line 53.

Package hyperref Info: Option `plainpages' set `false' on input line 53.

Package hyperref Warning: Option `pdfpagelabels' has already been used,
(hyperref)                setting the option has no effect on input line 53.

(/usr/local/texlive/2010/texmf-dist/tex/latex/ltxdockit/ltxdockit.cfg
File: ltxdockit.cfg 2010/02/12 v1.2a ltxdockit configuration (DFSG-free)

(/usr/local/texlive/2010/texmf-dist/tex/latex/lm/lmodern.sty
Package: lmodern 2009/10/30 v1.6 Latin Modern Fonts
LaTeX Font Info:    Overwriting symbol font `operators' in version `normal'
(Font)                  OT1/cmr/m/n --> OT1/lmr/m/n on input line 22.
LaTeX Font Info:    Overwriting symbol font `letters' in version `normal'
(Font)                  OML/cmm/m/it --> OML/lmm/m/it on input line 23.
LaTeX Font Info:    Overwriting symbol font `symbols' in version `normal'
(Font)                  OMS/cmsy/m/n --> OMS/lmsy/m/n on input line 24.
LaTeX Font Info:    Overwriting symbol font `largesymbols' in version `normal'
(Font)                  OMX/cmex/m/n --> OMX/lmex/m/n on input line 25.
LaTeX Font Info:    Overwriting symbol font `operators' in version `bold'
(Font)                  OT1/cmr/bx/n --> OT1/lmr/bx/n on input line 26.
LaTeX Font Info:    Overwriting symbol font `letters' in version `bold'
(Font)                  OML/cmm/b/it --> OML/lmm/b/it on input line 27.
LaTeX Font Info:    Overwriting symbol font `symbols' in version `bold'
(Font)                  OMS/cmsy/b/n --> OMS/lmsy/b/n on input line 28.
LaTeX Font Info:    Overwriting symbol font `largesymbols' in version `bold'
(Font)                  OMX/cmex/m/n --> OMX/lmex/m/n on input line 29.
LaTeX Font Info:    Overwriting math alphabet `\mathbf' in version `normal'
(Font)                  OT1/cmr/bx/n --> OT1/lmr/bx/n on input line 31.
LaTeX Font Info:    Overwriting math alphabet `\mathsf' in version `normal'
(Font)                  OT1/cmss/m/n --> OT1/lmss/m/n on input line 32.
LaTeX Font Info:    Overwriting math alphabet `\mathit' in version `normal'
(Font)                  OT1/cmr/m/it --> OT1/lmr/m/it on input line 33.
LaTeX Font Info:    Overwriting math alphabet `\mathtt' in version `normal'
(Font)                  OT1/cmtt/m/n --> OT1/lmtt/m/n on input line 34.
LaTeX Font Info:    Overwriting math alphabet `\mathbf' in version `bold'
(Font)                  OT1/cmr/bx/n --> OT1/lmr/bx/n on input line 35.
LaTeX Font Info:    Overwriting math alphabet `\mathsf' in version `bold'
(Font)                  OT1/cmss/bx/n --> OT1/lmss/bx/n on input line 36.
LaTeX Font Info:    Overwriting math alphabet `\mathit' in version `bold'
(Font)                  OT1/cmr/bx/it --> OT1/lmr/bx/it on input line 37.
LaTeX Font Info:    Overwriting math alphabet `\mathtt' in version `bold'
(Font)                  OT1/cmtt/m/n --> OT1/lmtt/m/n on input line 38.
)))
(/usr/local/texlive/2010/texmf-dist/tex/latex/amsmath/amsmath.sty
Package: amsmath 2000/07/18 v2.13 AMS math features
\@mathmargin=\skip53

For additional information on amsmath, use the `?' option.
(/usr/local/texlive/2010/texmf-dist/tex/latex/amsmath/amstext.sty
Package: amstext 2000/06/29 v2.01

(/usr/local/texlive/2010/texmf-dist/tex/latex/amsmath/amsgen.sty
File: amsgen.sty 1999/11/30 v2.0
\@emptytoks=\toks16
\ex@=\dimen119
))
(/usr/local/texlive/2010/texmf-dist/tex/latex/amsmath/amsbsy.sty
Package: amsbsy 1999/11/29 v1.2d
\pmbraise@=\dimen120
)
(/usr/local/texlive/2010/texmf-dist/tex/latex/amsmath/amsopn.sty
Package: amsopn 1999/12/14 v2.01 operator names
)
\inf@bad=\count120
LaTeX Info: Redefining \frac on input line 211.
\uproot@=\count121
\leftroot@=\count122
LaTeX Info: Redefining \overline on input line 307.
\classnum@=\count123
\DOTSCASE@=\count124
LaTeX Info: Redefining \ldots on input line 379.
LaTeX Info: Redefining \dots on input line 382.
LaTeX Info: Redefining \cdots on input line 467.
\Mathstrutbox@=\box56
\strutbox@=\box57
\big@size=\dimen121
LaTeX Font Info:    Redeclaring font encoding OML on input line 567.
LaTeX Font Info:    Redeclaring font encoding OMS on input line 568.
\macc@depth=\count125
\c@MaxMatrixCols=\count126
\dotsspace@=\muskip11
\c@parentequation=\count127
\dspbrk@lvl=\count128
\tag@help=\toks17
\row@=\count129
\column@=\count130
\maxfields@=\count131
\andhelp@=\toks18
\eqnshift@=\dimen122
\alignsep@=\dimen123
\tagshift@=\dimen124
\tagwidth@=\dimen125
\totwidth@=\dimen126
\lineht@=\dimen127
\@envbody=\toks19
\multlinegap=\skip54
\multlinetaggap=\skip55
\mathdisplay@stack=\toks20
LaTeX Info: Redefining \[ on input line 2666.
LaTeX Info: Redefining \] on input line 2667.
)
(/usr/local/texlive/2010/texmf-dist/tex/xelatex/mathspec/mathspec.sty
Package: mathspec 2009/09/30 v0.2 LaTeX Package (Mathematics font selection for
 XeLaTeX)

(/usr/local/texlive/2010/texmf-dist/tex/latex/fontspec/fontspec.sty
Package: fontspec 2010/08/01 v2.0c Advanced font selection for XeLaTeX/LuaLaTeX


(/usr/local/texlive/2010/texmf-dist/tex/latex/expl3/expl3.sty
(/usr/local/texlive/2010/texmf-dist/tex/latex/expl3/l3names.sty
Package: l3names 2010/07/25 v1987 L3 Experimental Naming Scheme for TeX Primiti
ves
)
Package: expl3 2010/07/25 v1987 L3 Experimental code bundle wrapper

(/usr/local/texlive/2010/texmf-dist/tex/latex/expl3/l3basics.sty
Package: l3basics 2010/06/07 v1942 L3 Experimental basic definitions
)
(/usr/local/texlive/2010/texmf-dist/tex/latex/expl3/l3expan.sty
Package: l3expan 2010/06/10 v1948 L3 Experimental Argument Expansion module
)
(/usr/local/texlive/2010/texmf-dist/tex/latex/expl3/l3tl.sty
Package: l3tl 2010/05/22 v1919 L3 Experimental Token Lists
)
(/usr/local/texlive/2010/texmf-dist/tex/latex/expl3/l3intexpr.sty
Package: l3intexpr 2010/06/15 v1957 L3 Integer Expressions
)
(/usr/local/texlive/2010/texmf-dist/tex/latex/expl3/l3quark.sty
Package: l3quark 2010/03/21 v1853 L3 Experimental Quark Commands
)
(/usr/local/texlive/2010/texmf-dist/tex/latex/expl3/l3seq.sty
Package: l3seq 2010/03/29 v1879 L3 Experimental sequences and stacks
)
(/usr/local/texlive/2010/texmf-dist/tex/latex/expl3/l3toks.sty
Package: l3toks 2010/05/25 v1933 L3 Experimental Token Registers
\l_tmpb_toks=\toks21
\l_tmpc_toks=\toks22
\g_tmpa_toks=\toks23
\g_tmpb_toks=\toks24
\g_tmpc_toks=\toks25
\c_empty_toks=\toks26
\l_tl_replace_toks=\toks27
)
(/usr/local/texlive/2010/texmf-dist/tex/latex/expl3/l3int.sty
Package: l3int 2010/05/25 v1933 L3 Experimental Integer module
\l_tmpa_int=\count132
\l_tmpb_int=\count133
\l_tmpc_int=\count134
\g_tmpa_int=\count135
\g_tmpb_int=\count136
\c_max_int=\count137
\g_tl_inline_level_int=\count138
)
(/usr/local/texlive/2010/texmf-dist/tex/latex/expl3/l3prg.sty
Package: l3prg 2010/03/21 v1853 L3 Experimental control structures
\g_prg_inline_level_int=\count139
)
(/usr/local/texlive/2010/texmf-dist/tex/latex/expl3/l3clist.sty
Package: l3clist 2010/03/29 v1878 L3 Experimental comma separated lists
\g_clist_inline_level_int=\count140
)
(/usr/local/texlive/2010/texmf-dist/tex/latex/expl3/l3token.sty
Package: l3token 2010/04/11 v1890 L3 Experimental token investigation and manip
ulation
)
(/usr/local/texlive/2010/texmf-dist/tex/latex/expl3/l3prop.sty
Package: l3prop 2010/03/21 v1857 L3 Experimental Property Lists
\g_prop_inline_level_int=\count141
)
(/usr/local/texlive/2010/texmf-dist/tex/latex/expl3/l3msg.sty
Package: l3msg 2010/03/23 v1866 L3 Experimental LaTeX Messages module
\l_msg_redirect_classes_prop=\toks28
\l_msg_redirect_names_prop=\toks29
\l_msg_redirect_fatal_prop=\toks30
\l_msg_redirect_error_prop=\toks31
\l_msg_redirect_warning_prop=\toks32
\l_msg_redirect_info_prop=\toks33
\l_msg_redirect_log_prop=\toks34
\l_msg_redirect_trace_prop=\toks35
\l_msg_redirect_none_prop=\toks36
)
(/usr/local/texlive/2010/texmf-dist/tex/latex/expl3/l3io.sty
Package: l3io 2010/05/22 v1923 L3 Experimental i/o module
\g_iow_streams_prop=\toks37
\g_ior_streams_prop=\toks38
\l_iow_stream_int=\count142
)
(/usr/local/texlive/2010/texmf-dist/tex/latex/expl3/l3skip.sty
Package: l3skip 2010/05/25 v1933 L3 Experimental skip registers
\l_tmpa_skip=\skip56
\l_tmpb_skip=\skip57
\l_tmpc_skip=\skip58
\g_tmpa_skip=\skip59
\g_tmpb_skip=\skip60
\l_tmpa_dim=\dimen128
\l_tmpb_dim=\dimen129
\l_tmpc_dim=\dimen130
\l_tmpd_dim=\dimen131
\g_tmpa_dim=\dimen132
\g_tmpb_dim=\dimen133
)
(/usr/local/texlive/2010/texmf-dist/tex/latex/expl3/l3box.sty
Package: l3box 2010/05/22 v1919 L3 Experimental Box module
\l_tmpb_box=\box58
)
(/usr/local/texlive/2010/texmf-dist/tex/latex/expl3/l3keyval.sty
Package: l3keyval 2010/04/11 v1890 L3 Experimental keyval processing
\l_KV_level_int=\count143
)
(/usr/local/texlive/2010/texmf-dist/tex/latex/expl3/l3keys.sty
Package: l3keys 2010/05/24 v1931 L3 Experimental key-value support
\l_keys_choice_int=\count144
)
(/usr/local/texlive/2010/texmf-dist/tex/latex/expl3/l3precom.sty
Package: l3precom 2010/02/09 v1793 L3 Experimental precompilation module
\g_gen_sym_int=\count145
\g_ggen_sym_int=\count146
)
(/usr/local/texlive/2010/texmf-dist/tex/latex/expl3/l3xref.sty
Package: l3xref 2010/02/09 v1786 L3 Experimental cross referencing
\g_xref_all_curr_immediate_fields_prop=\toks39
\g_xref_all_curr_deferred_fields_prop=\toks40
)
(/usr/local/texlive/2010/texmf-dist/tex/latex/expl3/l3file.sty
Package: l3file 2010/03/21 v1853 L3 Experimental file loading
)
(/usr/local/texlive/2010/texmf-dist/tex/latex/expl3/l3fp.sty
Package: l3fp 2010/07/18 v1985 L3 Experimental floating-point operations
\l_fp_input_a_integer_int=\count147
\l_fp_input_a_decimal_int=\count148
\l_fp_input_b_integer_int=\count149
\l_fp_input_b_decimal_int=\count150
\l_fp_input_a_sign_int=\count151
\l_fp_input_b_sign_int=\count152
\l_fp_split_sign_int=\count153
\l_fp_mul_a_i_int=\count154
\l_fp_mul_a_ii_int=\count155
\l_fp_mul_a_iii_int=\count156
\l_fp_mul_a_iv_int=\count157
\l_fp_mul_a_v_int=\count158
\l_fp_mul_a_vi_int=\count159
\l_fp_mul_b_i_int=\count160
\l_fp_mul_b_ii_int=\count161
\l_fp_mul_b_iii_int=\count162
\l_fp_mul_b_iv_int=\count163
\l_fp_mul_b_v_int=\count164
\l_fp_mul_b_vi_int=\count165
\l_fp_mul_output_int=\count166
\l_fp_div_count_int=\count167
\l_fp_div_offset_int=\count168
\l_fp_output_sign_int=\count169
\l_fp_output_integer_int=\count170
\l_fp_output_decimal_int=\count171
\l_fp_round_discard_int=\count172
\l_fp_round_position_int=\count173
\l_fp_tmp_int=\count174
\c_one_hundred_million=\count175
\c_one_thousand_million=\count176
\l_fp_tmp_dim=\dimen134
\l_fp_round_precision_int=\count177
)
(/usr/local/texlive/2010/texmf-dist/tex/latex/expl3/l3luatex.sty
Package: l3luatex 2010/07/18 v1985 L3 Experimental LuaTeX functions
\g_cctab_allocate_int=\count178
\g_cctab_stack_int=\count179
)
(/usr/local/texlive/2010/texmf-dist/tex/latex/tools/calc.sty
Package: calc 2007/08/22 v4.3 Infix arithmetic (KKT,FJ)
\calc@Acount=\count180
\calc@Bcount=\count181
\calc@Adimen=\dimen135
\calc@Bdimen=\dimen136
\calc@Askip=\skip61
\calc@Bskip=\skip62
LaTeX Info: Redefining \setlength on input line 76.
LaTeX Info: Redefining \addtolength on input line 77.
\calc@Ccount=\count182
\calc@Cskip=\skip63
))
(/usr/local/texlive/2010/texmf-dist/tex/latex/xpackages/xbase/xparse.sty
Package: xparse 2010/05/23 v1927 Generic document command parser
\c_xparse_shorthands_prop=\toks41
\l_xparse_m_args_int=\count183
\l_xparse_mandatory_args_int=\count184
\l_xparse_processor_int=\count185
\l_xparse_total_args_int=\count186
)
(/usr/local/texlive/2010/texmf-dist/tex/generic/kastrup/binhex.tex)
\c@zf@newff=\count187
\c@zf@index=\count188
\c@zf@script=\count189
\c@zf@language=\count190
\l_fontspec_strnum_int=\count191

(/usr/local/texlive/2010/texmf-dist/tex/latex/xkeyval/xkeyval.sty
Package: xkeyval 2008/08/13 v2.6a package option processing (HA)

(/usr/local/texlive/2010/texmf-dist/tex/generic/xkeyval/xkeyval.tex
\XKV@toks=\toks42
\XKV@tempa@toks=\toks43
\XKV@depth=\count192
File: xkeyval.tex 2008/08/13 v2.6a key=value parser (HA)
))
(/usr/local/texlive/2010/texmf-dist/tex/latex/fontspec/fontspec-patches.sty
Package: fontspec-patches 2010/08/01 v2.0c Advanced font selection for XeLaTeX/
LuaLaTeX

(/usr/local/texlive/2010/texmf-dist/tex/latex/base/fixltx2e.sty
Package: fixltx2e 2006/09/13 v1.1m fixes to LaTeX
LaTeX Info: Redefining \em on input line 420.
LaTeX Info: Redefining \textsubscript on input line 424.
LaTeX Info: The control sequence `\[' is already robust on input line 471.
LaTeX Info: The control sequence `\]' is already robust on input line 472.
)
LaTeX Info: Redefining \em on input line 23.
LaTeX Info: Redefining \emph on input line 27.
LaTeX Info: Redefining \- on input line 30.
)
(/usr/local/texlive/2010/texmf-dist/tex/latex/base/fontenc.sty
Package: fontenc 2005/09/27 v1.99g Standard LaTeX package

(/usr/local/texlive/2010/texmf-dist/tex/latex/euenc/eu1enc.def
File: eu1enc.def 2010/05/27 v0.1g Experimental Unicode font encodings
)
LaTeX Font Info:    Try loading font information for EU1+lmr on input line 100.


(/usr/local/texlive/2010/texmf-dist/tex/latex/euenc/eu1lmr.fd
File: eu1lmr.fd 2009/10/30 v1.6 Font defs for Latin Modern
))
 LaTeX Info: Defining document command \fontspec
(LaTeX)  with arg. spec. 'O{}m' on line 264.

 LaTeX Info: Defining document command \setmainfont
(LaTeX)  with arg. spec. 'O{}m' on line 268.

 LaTeX Info: Defining document command \setsansfont
(LaTeX)  with arg. spec. 'O{}m' on line 272.

 LaTeX Info: Defining document command \setmonofont
(LaTeX)  with arg. spec. 'O{}m' on line 276.

 LaTeX Info: Defining document command \setmathrm
(LaTeX)  with arg. spec. 'O{}m' on line 280.

 LaTeX Info: Defining document command \setboldmathrm
(LaTeX)  with arg. spec. 'O{}m' on line 283.

 LaTeX Info: Defining document command \setmathsf
(LaTeX)  with arg. spec. 'O{}m' on line 286.

 LaTeX Info: Defining document command \setmathtt
(LaTeX)  with arg. spec. 'O{}m' on line 289.

 LaTeX Info: Defining document command \newfontfamily
(LaTeX)  with arg. spec. 'mO{}m' on line 304.

 LaTeX Info: Defining document command \newfontface
(LaTeX)  with arg. spec. 'mO{}m' on line 307.

 LaTeX Info: Defining document command \defaultfontfeatures
(LaTeX)  with arg. spec. 'm' on line 308.

 LaTeX Info: Defining document command \addfontfeatures
(LaTeX)  with arg. spec. 'm' on line 325.

 LaTeX Info: Defining document command \newfontfeature
(LaTeX)  with arg. spec. 'mm' on line 334.

 LaTeX Info: Defining document command \newAATfeature
(LaTeX)  with arg. spec. 'mmmm' on line 343.

 LaTeX Info: Defining document command \newICUfeature
(LaTeX)  with arg. spec. 'mmm' on line 352.

 LaTeX Info: Defining document command \aliasfontfeature
(LaTeX)  with arg. spec. 'mm' on line 354.

 LaTeX Info: Defining document command \aliasfontfeatureoption
(LaTeX)  with arg. spec. 'mmm' on line 357.

 LaTeX Info: Defining document command \newfontscript
(LaTeX)  with arg. spec. 'mm' on line 362.

 LaTeX Info: Defining document command \newfontlanguage
(LaTeX)  with arg. spec. 'mm' on line 379.

 LaTeX Info: Defining document command \DeclareFontsExtensions
(LaTeX)  with arg. spec. 'm' on line 395.

\c@fontspec_tmp_int=\count193
LaTeX Info: Redefining \itshape on input line 1903.
LaTeX Info: Redefining \slshape on input line 1907.
LaTeX Info: Redefining \scshape on input line 1911.
LaTeX Info: Redefining \upshape on input line 1915.

fontspec.cfg loaded.
(/usr/local/texlive/2010/texmf-dist/tex/latex/fontspec/fontspec.cfg))
\c@eu@=\count194
\c@eu@i=\count195
\c@mkern=\count196
)
(/usr/local/texlive/2010/texmf-dist/tex/xelatex/xltxtra/xltxtra.sty
Package: xltxtra 2010/06/03 v0.5d Improvements for the "XeLaTeX" format

(/usr/local/texlive/2010/texmf-dist/tex/xelatex/xunicode/xunicode.sty
File: xunicode.sty 2010/05/18 v0.95 provides access to latin accents and many o
ther characters in Unicode lower plane
)
(/usr/local/texlive/2010/texmf-dist/tex/latex/metalogo/metalogo.sty
Package: metalogo 2010/05/29 v0.12 Extended TeX logo macros

(/usr/local/texlive/2010/texmf-dist/tex/latex/graphics/graphicx.sty
Package: graphicx 1999/02/16 v1.0f Enhanced LaTeX Graphics (DPC,SPQR)

(/usr/local/texlive/2010/texmf-dist/tex/latex/graphics/graphics.sty
Package: graphics 2009/02/05 v1.0o Standard LaTeX Graphics (DPC,SPQR)

(/usr/local/texlive/2010/texmf-dist/tex/latex/graphics/trig.sty
Package: trig 1999/03/16 v1.09 sin cos tan (DPC)
)
(/usr/local/texlive/2010/texmf-dist/tex/latex/latexconfig/graphics.cfg
File: graphics.cfg 2010/04/23 v1.9 graphics configuration of TeX Live
)
Package graphics Info: Driver file: xetex.def on input line 91.
)
\Gin@req@height=\dimen137
\Gin@req@width=\dimen138
)
\xl@everylogo=\toks44
\xl@@everylogo=\toks45
LaTeX Info: Redefining \TeX on input line 193.
LaTeX Info: Redefining \LaTeX on input line 202.
LaTeX Info: Redefining \LaTeXe on input line 219.
)
LaTeX Info: Redefining \textsubscript on input line 62.
LaTeX Info: Redefining \textsuperscript on input line 64.
\xxt@tempbox=\box59
)
(/usr/local/texlive/2010/texmf-dist/tex/latex/eukdate/eukdate.sty
Package: eukdate 2009/03/18 v1.04 UK format date (Hart's Rules) with weekday
\c@euk@date=\count197
\c@euk@month=\count198
\c@euk@century=\count199
\c@euk@year=\count200
)
(/usr/local/texlive/2010/texmf-dist/tex/xelatex/polyglossia/polyglossia.sty
Package: polyglossia 2010/07/27 v1.2.0a Babel replacement for XeLaTeX

(/usr/local/texlive/2010/texmf-dist/tex/latex/makecmds/makecmds.sty
Package: makecmds 2009/09/03 v1.0a extra command making commands
)
\xpg@normalclass=\XeTeXintercharclass4
)
(/usr/local/texlive/2010/texmf-dist/tex/xelatex/polyglossia/gloss-french.ldf
File: gloss-french.ldf polyglossia: module for french
\french@punctthin=\XeTeXintercharclass5
\french@punctthick=\XeTeXintercharclass6
\french@punctguillstart=\XeTeXintercharclass7
\french@punctguillend=\XeTeXintercharclass8
)
Package polyglossia Info: Default language is french.
Package color Info: Redefining color spot on input line 18.
Package color Info: Redefining color boxframe on input line 18.
Package color Info: Redefining color boxfill on input line 19.
\c@zf@famc@Gentium Book Basic=\count201
 fontspec Info: Defining font family for 'Gentium Book Basic' with options [Map
ping=tex-text].

Package fontspec Info: Defining shape m/n with raw font features:
(fontspec)             mapping=tex-text;.
Package fontspec Info: Defining shape bx/n with raw font features:
(fontspec)             mapping=tex-text;.
Package fontspec Info: Defining shape m/it with raw font features:
(fontspec)             mapping=tex-text;.
Package fontspec Info: Defining shape bx/it with raw font features:
(fontspec)             mapping=tex-text;.
\captionwidth=\skip64
\mincaptionwidth=\skip65

(/usr/local/texlive/2010/texmf-dist/tex/latex/booktabs/booktabs.sty
Package: booktabs 2005/04/14 v1.61803 publication quality tables
\heavyrulewidth=\dimen139
\lightrulewidth=\dimen140
\cmidrulewidth=\dimen141
\belowrulesep=\dimen142
\belowbottomsep=\dimen143
\aboverulesep=\dimen144
\abovetopsep=\dimen145
\cmidrulesep=\dimen146
\cmidrulekern=\dimen147
\defaultaddspace=\dimen148
\@cmidla=\count202
\@cmidlb=\count203
\@aboverulesep=\dimen149
\@belowrulesep=\dimen150
\@thisruleclass=\count204
\@lastruleclass=\count205
\@thisrulewidth=\dimen151
)
(/usr/local/texlive/2010/texmf-dist/tex/latex/multirow/multirow.sty
\bigstrutjot=\dimen152
)
(/usr/local/texlive/2010/texmf-dist/tex/latex/base/shortvrb.sty
Package: shortvrb 2006/02/02 v2.1d Standard LaTeX documentation package (FMi)
)
Package shortvrb Info: Made  a short reference for \verb on input line 85.

(/usr/local/texlive/2010/texmf-dist/tex/generic/oberdiek/se-ascii-print.def
File: se-ascii-print.def 2010/03/01 v1.8 stringenc: Printable ASCII characters
)
! Undefined control sequence.
\iflanguage ... \@nolanerr {#1}\else \bbl@afterfi 
                                                  {\ifnum \csname l@#1\endcs...
l.106 \begin{document}
                      
The control sequence at the end of the top line
of your error message was never \def'ed. If you have
misspelled it (e.g., `\hobx'), type `I' and the correct
spelling (e.g., `I\hbox'). Otherwise just continue,
and I'll forget about whatever was undefined.

! Argument of \@firstoftwo has an extra }.
<inserted text> 
                \par 
l.106 \begin{document}
                      
I've run across a `}' that doesn't seem to match anything.
For example, `\def\a#1{...}' and `\a}' would produce
this error. If you simply proceed now, the `\par' that
I've just inserted will cause me to report a runaway
argument that might be the root of the problem. But if
your `}' was spurious, just type `2' and it will go away.

Runaway argument?
! Paragraph ended before \@firstoftwo was complete.
<to be read again> 
                   \par 
l.106 \begin{document}
                      
I suspect you've forgotten a `}', causing me to apply this
control sequence to too much text. How can we recover?
My plan is to forget the whole thing and hope for the best.

! Undefined control sequence.
<recently read> \initiate@active@char 
                                      
l.106 \begin{document}
                      
The control sequence at the end of the top line
of your error message was never \def'ed. If you have
misspelled it (e.g., `\hobx'), type `I' and the correct
spelling (e.g., `I\hbox'). Otherwise just continue,
and I'll forget about whatever was undefined.


! LaTeX Error: Missing \begin{document}.

See the LaTeX manual or LaTeX Companion for explanation.
Type  H <return>  for immediate help.
 ...                                              
                                                  
l.106 \begin{document}
                      
You're in trouble here.  Try typing  <return>  to proceed.
If that doesn't work, type  X <return>  to quit.

! Undefined control sequence.
<argument> ...after {\string "}\declare@shorthand 
                                                  {american}{"=}{\penalty \@...
l.106 \begin{document}
                      
The control sequence at the end of the top line
of your error message was never \def'ed. If you have
misspelled it (e.g., `\hobx'), type `I' and the correct
spelling (e.g., `I\hbox'). Otherwise just continue,
and I'll forget about whatever was undefined.

No file article.aux.
\openout1 = `article.aux'.

LaTeX Font Info:    Checking defaults for OML/cmm/m/it on input line 106.
LaTeX Font Info:    ... okay on input line 106.
LaTeX Font Info:    Checking defaults for T1/cmr/m/n on input line 106.
LaTeX Font Info:    ... okay on input line 106.
LaTeX Font Info:    Checking defaults for OT1/cmr/m/n on input line 106.
LaTeX Font Info:    ... okay on input line 106.
LaTeX Font Info:    Checking defaults for OMS/cmsy/m/n on input line 106.
LaTeX Font Info:    ... okay on input line 106.
LaTeX Font Info:    Checking defaults for OMX/cmex/m/n on input line 106.
LaTeX Font Info:    ... okay on input line 106.
LaTeX Font Info:    Checking defaults for U/cmr/m/n on input line 106.
LaTeX Font Info:    ... okay on input line 106.
LaTeX Font Info:    Checking defaults for TS1/cmr/m/n on input line 106.
LaTeX Font Info:    Try loading font information for TS1+cmr on input line 106.

(/usr/local/texlive/2010/texmf-dist/tex/latex/base/ts1cmr.fd
File: ts1cmr.fd 1999/05/25 v2.5h Standard LaTeX font definitions
)
LaTeX Font Info:    ... okay on input line 106.
LaTeX Font Info:    Checking defaults for PD1/pdf/m/n on input line 106.
LaTeX Font Info:    ... okay on input line 106.
LaTeX Font Info:    Checking defaults for PU/pdf/m/n on input line 106.
LaTeX Font Info:    ... okay on input line 106.
LaTeX Font Info:    Checking defaults for EU1/lmr/m/n on input line 106.
LaTeX Font Info:    ... okay on input line 106.
\c@lstlisting=\count206
\AtBeginShipoutBox=\box60
Package hyperref Info: Link coloring ON on input line 106.

(/usr/local/texlive/2010/texmf-dist/tex/latex/hyperref/nameref.sty
Package: nameref 2010/04/30 v2.40 Cross-referencing by name of section

(/usr/local/texlive/2010/texmf-dist/tex/latex/oberdiek/refcount.sty
Package: refcount 2008/08/11 v3.1 Data extraction from references (HO)
)
(/usr/local/texlive/2010/texmf-dist/tex/generic/oberdiek/gettitlestring.sty
Package: gettitlestring 2009/12/18 v1.3 Cleanup title references (HO)
)
\c@section@level=\count207
)
LaTeX Info: Redefining \ref on input line 106.
LaTeX Info: Redefining \pageref on input line 106.
LaTeX Info: Redefining \nameref on input line 106.
\@outlinefile=\write3
\openout3 = `article.out'.



Package hyperref Warning: Rerun to get /PageLabels entry.

LaTeX Font Info:    Font shape `EU1/GentiumBookBasic(0)/m/sl' in size <10.95> n
ot available
(Font)              Font shape `EU1/GentiumBookBasic(0)/m/it' tried instead on 
input line 108.
[1

]
LaTeX Font Info:    Try loading font information for EU1+lmss on input line 108
.
 (/usr/local/texlive/2010/texmf-dist/tex/latex/euenc/eu1lmss.fd
File: eu1lmss.fd 2009/10/30 v1.6 Font defs for Latin Modern
)
 fontspec Info: Defining font family for 'Gentium Book Basic' with options [Map
ping=tex-text,FakeSlant=0.14053pt].

Package fontspec Info: Defining shape m/n with raw font features:
(fontspec)             mapping=tex-text;slant=0.14053pt;.
Package fontspec Info: Defining shape bx/n with raw font features:
(fontspec)             mapping=tex-text;slant=0.14053pt;.
Package fontspec Info: Defining shape m/it with raw font features:
(fontspec)             mapping=tex-text;slant=0.14053pt;.
Package fontspec Info: Defining shape bx/it with raw font features:
(fontspec)             mapping=tex-text;slant=0.14053pt;.


LaTeX Font Warning: Font shape `EU1/GentiumBookBasic(1)/m/sc' undefined
(Font)              using `EU1/GentiumBookBasic(1)/m/n' instead on input line 1
08.

LaTeX Font Info:    Try loading font information for OT1+lmr on input line 108.

(/usr/local/texlive/2010/texmf-dist/tex/latex/lm/ot1lmr.fd
File: ot1lmr.fd 2009/10/30 v1.6 Font defs for Latin Modern
)
LaTeX Font Info:    Try loading font information for OML+lmm on input line 108.


(/usr/local/texlive/2010/texmf-dist/tex/latex/lm/omllmm.fd
File: omllmm.fd 2009/10/30 v1.6 Font defs for Latin Modern
)
LaTeX Font Info:    Try loading font information for OMS+lmsy on input line 108
.

(/usr/local/texlive/2010/texmf-dist/tex/latex/lm/omslmsy.fd
File: omslmsy.fd 2009/10/30 v1.6 Font defs for Latin Modern
)
LaTeX Font Info:    Try loading font information for OMX+lmex on input line 108
.

(/usr/local/texlive/2010/texmf-dist/tex/latex/lm/omxlmex.fd
File: omxlmex.fd 2009/10/30 v1.6 Font defs for Latin Modern
)
LaTeX Font Info:    External font `lmex10' loaded for size
(Font)              <14.4> on input line 108.
LaTeX Font Info:    External font `lmex10' loaded for size
(Font)              <10> on input line 108.
LaTeX Font Info:    External font `lmex10' loaded for size
(Font)              <7> on input line 108.
LaTeX Font Info:    Try loading font information for EU1+lmtt on input line 108
.

(/usr/local/texlive/2010/texmf-dist/tex/latex/euenc/eu1lmtt.fd
File: eu1lmtt.fd 2009/10/30 v1.6 Font defs for Latin Modern
)

LaTeX Font Warning: Font shape `EU1/GentiumBookBasic(0)/m/sc' undefined
(Font)              using `EU1/GentiumBookBasic(0)/m/n' instead on input line 1
09.

\tf@toc=\write4
\openout4 = `article.toc'.

[2

]
LaTeX Font Info:    External font `lmex10' loaded for size
(Font)              <10.95> on input line 172.
LaTeX Font Info:    External font `lmex10' loaded for size
(Font)              <8> on input line 172.
LaTeX Font Info:    External font `lmex10' loaded for size
(Font)              <6> on input line 172.

Overfull \hbox (7.1199pt too wide) in paragraph at lines 174--181
[]\EU1/GentiumBookBasic(0)/m/sc/10.95 , for example, [][]\EU1/lmtt/m/n/10.95 [q
uiet][]{mathspec} \EU1/GentiumBookBasic(0)/m/sc/10.95 is equivalent to []
 []

[3]
LaTeX Font Info:    External font `lmex10' loaded for size
(Font)              <5> on input line 208.
LaTeX Font Info:    External font `lmex10' loaded for size
(Font)              <9> on input line 212.

Underfull \hbox (badness 2181) in paragraph at lines 217--229
[]\EU1/GentiumBookBasic(0)/m/it/9 If the value of [] is [], then [][][][][] is
 []


Underfull \hbox (badness 1394) in paragraph at lines 217--229
\EU1/GentiumBookBasic(0)/m/it/9 executed, but this command is provided by [] to
 gobble its arguments (that is, it does no-
 []


Underfull \hbox (badness 3375) in paragraph at lines 217--229
\EU1/GentiumBookBasic(0)/m/it/9 thing). The command [][][] maybe predefined bef
ore [] is loaded (or
 []


Underfull \hbox (badness 3514) in paragraph at lines 217--229
\EU1/GentiumBookBasic(0)/m/it/9 redefined after [] is loaded) to cause the comm
and to do something else. This effective-
 []


LaTeX Warning: Reference `tab:defaultshapes' on page 4 undefined on input line 
249.


Underfull \hbox (badness 1320) in paragraph at lines 265--265
[]\EU1/GentiumBookBasic(0)/m/sc/10.95 tab. 1[] The default shapes for the
 []

[4] [5] [6]
Overfull \hbox (32.41138pt too wide) in paragraph at lines 416--417
[][][][][][][][][][][][][][][][][][] 
 []

[7]

LaTeX Warning: Reference `sec:greek' on page 8 undefined on input line 436.


LaTeX Warning: Reference `sec:glyphbounds' on page 8 undefined on input line 43
8.


LaTeX Warning: Reference `tab:greek' on page 8 undefined on input line 443.

[8]
Overfull \hbox (0.59285pt too wide) in paragraph at lines 549--554
[]\EU1/GentiumBookBasic(0)/m/sc/10.95 Note that this command only adjusts the c
haracters that are absent in the font. Of course,
 []

[9]
Missing character: There is no π in font [lmmono10-regular]!
Missing character: There is no π in font [lmmono10-regular]!
Missing character: There is no π in font [lmmono10-regular]!
Missing character: There is no π in font lmmi10!
Missing character: There is no π in font lmmi8!
Missing character: There is no π in font lmmi8!
Missing character: There is no π in font lmmi10!
Missing character: There is no π in font lmmi8!
Missing character: There is no π in font lmmi8!


LaTeX Warning: Reference `tab:cm' on page 10 undefined on input line 593.


Overfull \hbox (2.42255pt too wide) in paragraph at lines 592--596
\EU1/GentiumBookBasic(0)/m/sc/10.95 that many characters have greater space aro
und them in the mathematics version, which
 []


LaTeX Warning: Reference `tab:symbols' on page 10 undefined on input line 621.

Missing character: There is no θ in font [lmmono10-regular]!
Missing character: There is no α in font [lmmono10-regular]!
[10]
Missing character: There is no Α in font lmmi10!
Missing character: There is no Β in font lmmi10!
Missing character: There is no Γ in font lmmi10!
Missing character: There is no Δ in font lmmi10!
Missing character: There is no Ε in font lmmi10!
Missing character: There is no Ζ in font lmmi10!
Missing character: There is no Η in font lmmi10!
Missing character: There is no Θ in font lmmi10!
Missing character: There is no Ι in font lmmi10!
Missing character: There is no Κ in font lmmi10!
Missing character: There is no Λ in font lmmi10!
Missing character: There is no Μ in font lmmi10!
Missing character: There is no Ν in font lmmi10!
Missing character: There is no Ξ in font lmmi10!
Missing character: There is no Ο in font lmmi10!
Missing character: There is no Π in font lmmi10!
Missing character: There is no Ρ in font lmmi10!
Missing character: There is no Σ in font lmmi10!
Missing character: There is no Τ in font lmmi10!
Missing character: There is no Υ in font lmmi10!
Missing character: There is no Φ in font lmmi10!
Missing character: There is no Χ in font lmmi10!
Missing character: There is no Ψ in font lmmi10!
Missing character: There is no Ω in font lmmi10!
Missing character: There is no Ϝ in font lmmi10!
Missing character: There is no α in font lmmi10!
Missing character: There is no β in font lmmi10!
Missing character: There is no γ in font lmmi10!
Missing character: There is no δ in font lmmi10!
Missing character: There is no ε in font lmmi10!
Missing character: There is no ζ in font lmmi10!
Missing character: There is no η in font lmmi10!
Missing character: There is no θ in font lmmi10!
Missing character: There is no ι in font lmmi10!
Missing character: There is no κ in font lmmi10!
Missing character: There is no λ in font lmmi10!
Missing character: There is no μ in font lmmi10!
Missing character: There is no ν in font lmmi10!
Missing character: There is no ξ in font lmmi10!
Missing character: There is no ο in font lmmi10!
Missing character: There is no π in font lmmi10!
Missing character: There is no ρ in font lmmi10!
Missing character: There is no ς in font lmmi10!
Missing character: There is no σ in font lmmi10!
Missing character: There is no τ in font lmmi10!
Missing character: There is no υ in font lmmi10!
Missing character: There is no φ in font lmmi10!
Missing character: There is no χ in font lmmi10!
Missing character: There is no ψ in font lmmi10!
Missing character: There is no ω in font lmmi10!
Missing character: There is no ϝ in font lmmi10!
Missing character: There is no ϐ in font lmmi10!
Missing character: There is no ϑ in font lmmi10!
Missing character: There is no ϕ in font lmmi10!
Missing character: There is no ϖ in font lmmi10!
Missing character: There is no ϰ in font lmmi10!
Missing character: There is no ϱ in font lmmi10!
Missing character: There is no ϵ in font lmmi10!
Missing character: There is no ϴ in font lmmi10!
 fontspec Info: Defining font family for 'Gentium Book Basic' with options [Map
ping=tex-text,Mapping=tex-text].

Package fontspec Info: Defining shape m/n with raw font features:
(fontspec)             mapping=tex-text;mapping=tex-text;.
Package fontspec Info: Defining shape bx/n with raw font features:
(fontspec)             mapping=tex-text;mapping=tex-text;.
Package fontspec Info: Defining shape m/it with raw font features:
(fontspec)             mapping=tex-text;mapping=tex-text;.
Package fontspec Info: Defining shape bx/it with raw font features:
(fontspec)             mapping=tex-text;mapping=tex-text;.

Overfull \hbox (11.42464pt too wide) in paragraph at lines 642--646
\EU1/GentiumBookBasic(0)/m/sc/10.95 quotation marks and umlauts or diæreses : 
‘”’ coöperates, even with \EU1/GentiumBookBasic(2)/m/n/10.95 “[]\EU1/l
mtt/m/n/10.95 Mapping=tex-text\EU1/GentiumBookBasic(2)/m/n/10.95 ”\EU1/Gentiu
mBookBasic(0)/m/sc/10.95 . 
 []


LaTeX Warning: Reference `eq:1' on page 11 undefined on input line 666.


LaTeX Warning: Reference `eq:2' on page 11 undefined on input line 666.

Missing character: There is no π in font [lmmono10-regular]!
Missing character: There is no π in font [lmmono10-regular]!
Missing character: There is no π in font [lmmono10-regular]!
Missing character: There is no π in font lmmi10!
Missing character: There is no π in font lmmi8!
Missing character: There is no π in font lmmi8!
Missing character: There is no π in font lmmi10!
Missing character: There is no π in font lmmi8!
Missing character: There is no π in font lmmi8!
[11] [12] (/usr/local/texlive/2010/texmf-dist/tex/latex/listings/lstlang1.sty
File: lstlang1.sty 2004/09/05 1.3 listings language file
)
(/usr/local/texlive/2010/texmf-dist/tex/latex/listings/lstlang2.sty
File: lstlang2.sty 2004/09/05 1.3 listings language file
)
(/usr/local/texlive/2010/texmf-dist/tex/latex/listings/lstlang3.sty
File: lstlang3.sty 2004/09/05 1.3 listings language file
)
(/usr/local/texlive/2010/texmf-dist/tex/latex/listings/lstlang1.sty
File: lstlang1.sty 2004/09/05 1.3 listings language file
)
(/usr/local/texlive/2010/texmf-dist/tex/latex/listings/lstlang2.sty
File: lstlang2.sty 2004/09/05 1.3 listings language file
)
(/usr/local/texlive/2010/texmf-dist/tex/latex/listings/lstlang3.sty
File: lstlang3.sty 2004/09/05 1.3 listings language file
)
(/usr/local/texlive/2010/texmf-dist/tex/latex/listings/lstlang1.sty
File: lstlang1.sty 2004/09/05 1.3 listings language file
)
(/usr/local/texlive/2010/texmf-dist/tex/latex/listings/lstlang2.sty
File: lstlang2.sty 2004/09/05 1.3 listings language file
)
(/usr/local/texlive/2010/texmf-dist/tex/latex/listings/lstlang3.sty
File: lstlang3.sty 2004/09/05 1.3 listings language file
)
(/usr/local/texlive/2010/texmf-dist/tex/latex/listings/lstmisc.sty
File: lstmisc.sty 2007/02/22 1.4 (Carsten Heinz)
)
(/usr/local/texlive/2010/texmf-dist/tex/xelatex/mathspec/mathspec.sty
Missing character: There is no ≤ in font [lmmono9-regular]!
Missing character: There is no ≤ in font [lmmono9-regular]!
 [13]
[14] [15] [16] [17] [18] [19]
Overfull \hbox (3.28638pt too wide) in paragraph at lines 395--396
[][][][][][][][][][][]\EU1/lmtt/m/n/9 Ε[][][][]Ε[][][] 
 []


Overfull \hbox (3.28638pt too wide) in paragraph at lines 405--406
[][][][][][][][][][][]\EU1/lmtt/m/n/9 Ο[][][][]Ο[][][] 
 []

[20]
Overfull \hbox (3.28638pt too wide) in paragraph at lines 410--411
[][][][][][][][][][][]\EU1/lmtt/m/n/9 Υ[][][][]Υ[][][] 
 []

Missing character: There is no Ϝ in font [lmmono9-regular]!
Missing character: There is no Ϝ in font [lmmono9-regular]!
Missing character: There is no ϴ in font [lmmono9-regular]!
Missing character: There is no ϴ in font [lmmono9-regular]!

Overfull \hbox (3.60138pt too wide) in paragraph at lines 416--417
[][][][][][][][][][][]\EU1/lmtt/m/n/9 ϴ[][][][]ϴ[][][] 
 []

Missing character: There is no Ϝ in font [lmmono9-regular]!
Missing character: There is no ϴ in font [lmmono9-regular]!
Missing character: There is no α in font [lmmono9-regular]!
Missing character: There is no α in font [lmmono9-regular]!
Missing character: There is no β in font [lmmono9-regular]!
Missing character: There is no β in font [lmmono9-regular]!
Missing character: There is no γ in font [lmmono9-regular]!
Missing character: There is no γ in font [lmmono9-regular]!
Missing character: There is no δ in font [lmmono9-regular]!
Missing character: There is no δ in font [lmmono9-regular]!
Missing character: There is no ε in font [lmmono9-regular]!
Missing character: There is no ε in font [lmmono9-regular]!
Missing character: There is no ζ in font [lmmono9-regular]!
Missing character: There is no ζ in font [lmmono9-regular]!
Missing character: There is no η in font [lmmono9-regular]!
Missing character: There is no η in font [lmmono9-regular]!
Missing character: There is no θ in font [lmmono9-regular]!
Missing character: There is no θ in font [lmmono9-regular]!
Missing character: There is no ι in font [lmmono9-regular]!
Missing character: There is no ι in font [lmmono9-regular]!
Missing character: There is no κ in font [lmmono9-regular]!
Missing character: There is no κ in font [lmmono9-regular]!
Missing character: There is no λ in font [lmmono9-regular]!
Missing character: There is no λ in font [lmmono9-regular]!
Missing character: There is no μ in font [lmmono9-regular]!
Missing character: There is no μ in font [lmmono9-regular]!
[21]
Missing character: There is no ν in font [lmmono9-regular]!
Missing character: There is no ν in font [lmmono9-regular]!
Missing character: There is no ξ in font [lmmono9-regular]!
Missing character: There is no ξ in font [lmmono9-regular]!
Missing character: There is no ο in font [lmmono9-regular]!
Missing character: There is no ο in font [lmmono9-regular]!
Missing character: There is no π in font [lmmono9-regular]!
Missing character: There is no π in font [lmmono9-regular]!
Missing character: There is no ρ in font [lmmono9-regular]!
Missing character: There is no ρ in font [lmmono9-regular]!
Missing character: There is no ς in font [lmmono9-regular]!
Missing character: There is no ς in font [lmmono9-regular]!

Overfull \hbox (3.60138pt too wide) in paragraph at lines 462--463
[][][][][][][][][][][]\EU1/lmtt/m/n/9 ς[][][][]ς[][][] 
 []

Missing character: There is no σ in font [lmmono9-regular]!
Missing character: There is no σ in font [lmmono9-regular]!
Missing character: There is no τ in font [lmmono9-regular]!
Missing character: There is no τ in font [lmmono9-regular]!
Missing character: There is no υ in font [lmmono9-regular]!
Missing character: There is no υ in font [lmmono9-regular]!
Missing character: There is no φ in font [lmmono9-regular]!
Missing character: There is no φ in font [lmmono9-regular]!
Missing character: There is no χ in font [lmmono9-regular]!
Missing character: There is no χ in font [lmmono9-regular]!
Missing character: There is no ψ in font [lmmono9-regular]!
Missing character: There is no ψ in font [lmmono9-regular]!
Missing character: There is no ω in font [lmmono9-regular]!
Missing character: There is no ω in font [lmmono9-regular]!
Missing character: There is no ϝ in font [lmmono9-regular]!
Missing character: There is no ϝ in font [lmmono9-regular]!
Missing character: There is no ϐ in font [lmmono9-regular]!
Missing character: There is no ϐ in font [lmmono9-regular]!
Missing character: There is no ϵ in font [lmmono9-regular]!
Missing character: There is no ϵ in font [lmmono9-regular]!

Overfull \hbox (13.05138pt too wide) in paragraph at lines 472--473
[][][][][][][][][][][]\EU1/lmtt/m/n/9 ϵ[][][][]ϵ[][][] 
 []

Missing character: There is no ϑ in font [lmmono9-regular]!
Missing character: There is no ϑ in font [lmmono9-regular]!

Overfull \hbox (3.60138pt too wide) in paragraph at lines 473--474
[][][][][][][][][][][]\EU1/lmtt/m/n/9 ϑ[][][][]ϑ[][][] 
 []

Missing character: There is no ϰ in font [lmmono9-regular]!
Missing character: There is no ϰ in font [lmmono9-regular]!

Overfull \hbox (3.60138pt too wide) in paragraph at lines 474--475
[][][][][][][][][][][]\EU1/lmtt/m/n/9 ϰ[][][][]ϰ[][][] 
 []

Missing character: There is no ϖ in font [lmmono9-regular]!
Missing character: There is no ϖ in font [lmmono9-regular]!
Missing character: There is no ϱ in font [lmmono9-regular]!
Missing character: There is no ϱ in font [lmmono9-regular]!
Missing character: There is no ϕ in font [lmmono9-regular]!
Missing character: There is no ϕ in font [lmmono9-regular]!
Missing character: There is no α in font [lmmono9-regular]!
Missing character: There is no β in font [lmmono9-regular]!
Missing character: There is no γ in font [lmmono9-regular]!
Missing character: There is no δ in font [lmmono9-regular]!
Missing character: There is no ε in font [lmmono9-regular]!
Missing character: There is no ζ in font [lmmono9-regular]!
Missing character: There is no η in font [lmmono9-regular]!
Missing character: There is no θ in font [lmmono9-regular]!
Missing character: There is no ι in font [lmmono9-regular]!
Missing character: There is no κ in font [lmmono9-regular]!
Missing character: There is no λ in font [lmmono9-regular]!
Missing character: There is no μ in font [lmmono9-regular]!
Missing character: There is no ν in font [lmmono9-regular]!
Missing character: There is no ξ in font [lmmono9-regular]!
Missing character: There is no ο in font [lmmono9-regular]!
Missing character: There is no π in font [lmmono9-regular]!
Missing character: There is no ρ in font [lmmono9-regular]!
Missing character: There is no ς in font [lmmono9-regular]!
Missing character: There is no σ in font [lmmono9-regular]!
Missing character: There is no τ in font [lmmono9-regular]!
Missing character: There is no υ in font [lmmono9-regular]!
Missing character: There is no φ in font [lmmono9-regular]!
Missing character: There is no χ in font [lmmono9-regular]!
Missing character: There is no ψ in font [lmmono9-regular]!
Missing character: There is no ω in font [lmmono9-regular]!
Missing character: There is no ϝ in font [lmmono9-regular]!
Missing character: There is no ϐ in font [lmmono9-regular]!
Missing character: There is no ϵ in font [lmmono9-regular]!
Missing character: There is no ϑ in font [lmmono9-regular]!
Missing character: There is no ϰ in font [lmmono9-regular]!
[22]
Missing character: There is no ϖ in font [lmmono9-regular]!
Missing character: There is no ϱ in font [lmmono9-regular]!
Missing character: There is no ϕ in font [lmmono9-regular]!
Missing character: There is no β in font [lmmono9-regular]!
Missing character: There is no ϐ in font [lmmono9-regular]!

Overfull \hbox (8.32639pt too wide) in paragraph at lines 548--549
[][][][][][][][][][][][][][][]\EU1/lmtt/m/n/9 β[][][][]ϐ[][][] 
 []

Missing character: There is no ϐ in font [lmmono9-regular]!
Missing character: There is no β in font [lmmono9-regular]!

Overfull \hbox (27.2264pt too wide) in paragraph at lines 549--550
[][][][][][][][][][][][][][][][]\EU1/lmtt/m/n/9 ϐ[][][][]β[][][] 
 []

Missing character: There is no ε in font [lmmono9-regular]!
Missing character: There is no ϵ in font [lmmono9-regular]!

Overfull \hbox (22.50139pt too wide) in paragraph at lines 551--552
[][][][][][][][][][][][][][][]\EU1/lmtt/m/n/9 ε[][][][]ϵ[][][] 
 []

Missing character: There is no ϵ in font [lmmono9-regular]!
Missing character: There is no ε in font [lmmono9-regular]!

Overfull \hbox (41.4014pt too wide) in paragraph at lines 552--553
[][][][][][][][][][][][][][][][]\EU1/lmtt/m/n/9 ϵ[][][][]ε[][][] 
 []

Missing character: There is no θ in font [lmmono9-regular]!
Missing character: There is no ϑ in font [lmmono9-regular]!

Overfull \hbox (13.05139pt too wide) in paragraph at lines 554--555
[][][][][][][][][][][][][][][]\EU1/lmtt/m/n/9 θ[][][][]ϑ[][][] 
 []

Missing character: There is no ϑ in font [lmmono9-regular]!
Missing character: There is no θ in font [lmmono9-regular]!

Overfull \hbox (31.9514pt too wide) in paragraph at lines 555--556
[][][][][][][][][][][][][][][][]\EU1/lmtt/m/n/9 ϑ[][][][]θ[][][] 
 []

Missing character: There is no κ in font [lmmono9-regular]!
Missing character: There is no ϰ in font [lmmono9-regular]!

Overfull \hbox (13.05139pt too wide) in paragraph at lines 557--558
[][][][][][][][][][][][][][][]\EU1/lmtt/m/n/9 κ[][][][]ϰ[][][] 
 []

Missing character: There is no ϰ in font [lmmono9-regular]!
Missing character: There is no κ in font [lmmono9-regular]!

Overfull \hbox (31.9514pt too wide) in paragraph at lines 558--559
[][][][][][][][][][][][][][][][]\EU1/lmtt/m/n/9 ϰ[][][][]κ[][][] 
 []

[23]
Missing character: There is no π in font [lmmono9-regular]!
Missing character: There is no ϖ in font [lmmono9-regular]!
Missing character: There is no ϖ in font [lmmono9-regular]!
Missing character: There is no π in font [lmmono9-regular]!

Overfull \hbox (17.7764pt too wide) in paragraph at lines 561--562
[][][][][][][][][][][][][][][][]\EU1/lmtt/m/n/9 ϖ[][][][]π[][][] 
 []

Missing character: There is no ρ in font [lmmono9-regular]!
Missing character: There is no ϱ in font [lmmono9-regular]!

Overfull \hbox (3.6014pt too wide) in paragraph at lines 563--564
[][][][][][][][][][][][][][][]\EU1/lmtt/m/n/9 ρ[][][][]ϱ[][][] 
 []

Missing character: There is no ϱ in font [lmmono9-regular]!
Missing character: There is no ρ in font [lmmono9-regular]!

Overfull \hbox (22.5014pt too wide) in paragraph at lines 564--565
[][][][][][][][][][][][][][][][]\EU1/lmtt/m/n/9 ϱ[][][][]ρ[][][] 
 []

Missing character: There is no φ in font [lmmono9-regular]!
Missing character: There is no ϕ in font [lmmono9-regular]!

Overfull \hbox (3.6014pt too wide) in paragraph at lines 566--567
[][][][][][][][][][][][][][][]\EU1/lmtt/m/n/9 φ[][][][]ϕ[][][] 
 []

Missing character: There is no ϕ in font [lmmono9-regular]!
Missing character: There is no φ in font [lmmono9-regular]!

Overfull \hbox (27.22641pt too wide) in paragraph at lines 567--568
[][][][][][][][][][][][][][][][]\EU1/lmtt/m/n/9 ϕ[][][][]φ[][][] 
 []

Missing character: There is no ϴ in font [lmmono9-regular]!

Overfull \hbox (10.53139pt too wide) in paragraph at lines 570--571
[][][][][][][][][][][][][][]\EU1/lmtt/m/n/9 Θ[][][][]ϴ[][][] 
 []

Missing character: There is no ϴ in font [lmmono9-regular]!

Overfull \hbox (43.6064pt too wide) in paragraph at lines 571--572
[][][][][][][][][][][][][][][]\EU1/lmtt/m/n/9 ϴ[][][][]Θ[][][] 
 []

Missing character: There is no ϐ in font [lmmono9-regular]!
Missing character: There is no ϐ in font [lmmono9-regular]!
Missing character: There is no ϐ in font [lmmono9-regular]!
Missing character: There is no β in font [lmmono9-regular]!
Missing character: There is no ϵ in font [lmmono9-regular]!
Missing character: There is no ε in font [lmmono9-regular]!
Missing character: There is no ϑ in font [lmmono9-regular]!
Missing character: There is no θ in font [lmmono9-regular]!
Missing character: There is no ϰ in font [lmmono9-regular]!
Missing character: There is no κ in font [lmmono9-regular]!
[24]
Missing character: There is no ϖ in font [lmmono9-regular]!
Missing character: There is no π in font [lmmono9-regular]!
Missing character: There is no ϱ in font [lmmono9-regular]!
Missing character: There is no ρ in font [lmmono9-regular]!
Missing character: There is no ϕ in font [lmmono9-regular]!
Missing character: There is no φ in font [lmmono9-regular]!
Missing character: There is no ϴ in font [lmmono9-regular]!
 [25] [26]
Missing character: There is no α in font [lmmono9-regular]!
Missing character: There is no ω in font [lmmono9-regular]!
Missing character: There is no Ϝ in font [lmmono9-regular]!
Missing character: There is no ϴ in font [lmmono9-regular]!
Missing character: There is no ϐ in font [lmmono9-regular]!
Missing character: There is no ϑ in font [lmmono9-regular]!
Missing character: There is no ϕ in font [lmmono9-regular]!
Missing character: There is no ϖ in font [lmmono9-regular]!
Missing character: There is no ϝ in font [lmmono9-regular]!
Missing character: There is no ϰ in font [lmmono9-regular]!
Missing character: There is no ϱ in font [lmmono9-regular]!
Missing character: There is no ϵ in font [lmmono9-regular]!

Overfull \hbox (8.01146pt too wide) in paragraph at lines 755--756
[][][][][][][][][][][][][][][][][][][][][][][][][][][][][][][][] 
 []

[27] [28]
Missing character: There is no ≠ in font [lmmono9-regular]!
 [29] [30] [31]
Missing character: There is no ε in font [lmmono9-regular]!
) [32] [33] (./article.aux)

LaTeX Font Warning: Some font shapes were not available, defaults substituted.


LaTeX Warning: There were undefined references.


LaTeX Warning: Label(s) may have changed. Rerun to get cross-references right.

 ) 
Here is how much of TeX's memory you used:
 21680 strings out of 494542
 355060 string characters out of 3157455
 504236 words of memory out of 3000000
 24516 multiletter control sequences out of 15000+200000
 34453 words of font info for 89 fonts, out of 3000000 for 9000
 673 hyphenation exceptions out of 8191
 59i,17n,122p,798b,2824s stack positions out of 5000i,500n,10000p,200000b,50000s

Output written on article.pdf (33 pages).
