This file contains any messages produced by compilers while
running configure, to aid debugging if configure makes a mistake.

It was created by auctex configure 11.84, which was
generated by GNU Autoconf 2.61.  Invocation command line was

  $ ./configure --prefix=/this/is/not/valid --with-texmf-dir=/home/pj/auctex-temp/

## --------- ##
## Platform. ##
## --------- ##

hostname = ubuntu
uname -m = x86_64
uname -r = 2.6.17-11-generic
uname -s = Linux
uname -v = #2 SMP Tue Mar 13 22:06:20 UTC 2007

/usr/bin/uname -p = unknown
/bin/uname -X     = unknown

/bin/arch              = x86_64
/usr/bin/arch -k       = unknown
/usr/convex/getsysinfo = unknown
/usr/bin/hostinfo      = unknown
/bin/machine           = unknown
/usr/bin/oslevel       = unknown
/bin/universe          = unknown

PATH: /usr/local/sbin
PATH: /usr/local/bin
PATH: /usr/sbin
PATH: /usr/bin
PATH: /sbin
PATH: /bin
PATH: /usr/bin/X11
PATH: /usr/games


## ----------- ##
## Core tests. ##
## ----------- ##

configure:1699: checking for make
configure:1715: found /usr/bin/make
configure:1726: result: make
configure:1744: checking whether make sets $(MAKE)
configure:1765: result: yes
configure:1818: checking for a BSD-compatible install
configure:1874: result: /usr/bin/install -c
configure:1887: checking for date in ChangeLog
configure:1896: result: 2007-01-12
configure:1898: checking for release in ChangeLog
configure:1907: result: 11.84
configure:1962: checking for emacs
configure:1980: found /usr/local/bin/emacs
configure:1992: result: /usr/local/bin/emacs
configure:2010: checking if /usr/local/bin/emacs is XEmacs
/usr/local/bin/emacs -batch -no-site-file -eval (let* ((x (if (featurep (quote xemacs)) "yes" "no"))) (write-region (if (stringp x) x (prin1-to-string x)) nil "./conftest-31276"))
Wrote /home/pj/Download/auctex-11.84/conftest-31276
=> no
configure:2032: result: no
configure:2036: checking for Emacs prefix
/usr/local/bin/emacs -batch -no-site-file -eval (let* ((cmd(pop command-line-args-left))(x (condition-case nil (let*
    ((prefix (directory-file-name (file-name-directory (executable-find cmd))))
     (parent (directory-file-name (file-name-directory prefix))))
    (if (string= (file-name-nondirectory prefix) "bin")
        (setq prefix parent)
      (if (string= (file-name-nondirectory parent) "bin")
         (setq prefix (directory-file-name (file-name-directory parent)))))
    prefix) (error NONE)))) (write-region (if (stringp x) x (prin1-to-string x)) nil "./conftest-31276")) /usr/local/bin/emacs
Wrote /home/pj/Download/auctex-11.84/conftest-31276
=> /usr/local
configure:2055: result: "/usr/local"
configure:2087: checking if Emacs is recent enough
/usr/local/bin/emacs -batch -no-site-file -eval (let* ((x (cond ((< emacs-major-version 21) "no")
			 ((> emacs-major-version 21) "yes")
			 ((< emacs-minor-version 01) "no")
			 (t "yes")))) (write-region (if (stringp x) x (prin1-to-string x)) nil "./conftest-31276"))
Wrote /home/pj/Download/auctex-11.84/conftest-31276
=> yes
configure:2101: result: yes
configure:2113: checking for MULE support
/usr/local/bin/emacs -batch -eval (let* ((x (condition-case nil (require 'mule ) 	(error (prog1 nil (message "mule not found")))))) (write-region (if (stringp x) x (prin1-to-string x)) nil "./conftest-31276"))
Wrote /home/pj/Download/auctex-11.84/conftest-31276
=> mule
configure:2147: result: yes
configure:2194: checking if build directory is valid
/usr/local/bin/emacs -batch -eval (let* ((x (if (or (member (directory-file-name default-directory) load-path)	      (member (file-name-as-directory default-directory) load-path))	 "no" "yes"))) (write-region (if (stringp x) x (prin1-to-string x)) nil "./conftest-31276"))
Wrote /home/pj/Download/auctex-11.84/conftest-31276
=> yes
configure:2212: result: yes
configure:2302: checking where lisp files go
/usr/local/bin/emacs -batch -eval (let* ((prefix(pop command-line-args-left)) (expanded(pop command-line-args-left)) (x (catch 22
       (let (reldir (dirs load-path))
	  (dolist (name (list "emacs/site-lisp" "emacs/site-packages"
	         "site-lisp" "site-packages") "NONE")
	    (dolist (dir dirs)
	      (when (and dir
	      	         (setq dir (directory-file-name dir))
                         (file-name-absolute-p dir)
	      	         (file-directory-p dir)
	                 (not (string-match "\\`\\.\\."
                           (setq reldir (file-relative-name dir expanded))))
			 (not (file-name-absolute-p reldir))
                         (let ((name name) (dir dir))
		           (while (and dir name
		                       (string= (file-name-nondirectory dir)
		                                (file-name-nondirectory name))
                              (setq dir (file-name-directory dir)
				   name (file-name-directory name))
			      (if (and dir name)
			         (setq dir (directory-file-name dir)
			              name (directory-file-name name)))))
		            (null name))
		   (throw 22
                      (if (string= reldir ".") (directory-file-name prefix)
                        (concat (file-name-as-directory prefix)
                                reldir))))))))))) (write-region (if (stringp x) x (prin1-to-string x)) nil "./conftest-31276")) ${datadir}/emacs /this/is/not/valid/share/emacs
Wrote /home/pj/Download/auctex-11.84/conftest-31276
=> NONE
/usr/local/bin/emacs -batch -eval (let* ((prefix(pop command-line-args-left)) (expanded(pop command-line-args-left)) (x (catch 22
       (let (reldir (dirs load-path))
	  (dolist (name (list "emacs/site-lisp" "emacs/site-packages"
	         "site-lisp" "site-packages") "NONE")
	    (dolist (dir dirs)
	      (when (and dir
	      	         (setq dir (directory-file-name dir))
                         (file-name-absolute-p dir)
	      	         (file-directory-p dir)
	                 (not (string-match "\\`\\.\\."
                           (setq reldir (file-relative-name dir expanded))))
			 (not (file-name-absolute-p reldir))
                         (let ((name name) (dir dir))
		           (while (and dir name
		                       (string= (file-name-nondirectory dir)
		                                (file-name-nondirectory name))
                              (setq dir (file-name-directory dir)
				   name (file-name-directory name))
			      (if (and dir name)
			         (setq dir (directory-file-name dir)
			              name (directory-file-name name)))))
		            (null name))
		   (throw 22
                      (if (string= reldir ".") (directory-file-name prefix)
                        (concat (file-name-as-directory prefix)
                                reldir))))))))))) (write-region (if (stringp x) x (prin1-to-string x)) nil "./conftest-31276")) ${libdir}/emacs /this/is/not/valid/lib/emacs
Wrote /home/pj/Download/auctex-11.84/conftest-31276
=> NONE
/usr/local/bin/emacs -batch -eval (let* ((prefix(pop command-line-args-left)) (expanded(pop command-line-args-left)) (x (catch 22
       (let (reldir (dirs load-path))
	  (dolist (name (list "emacs/site-lisp" "emacs/site-packages"
	         "site-lisp" "site-packages") "NONE")
	    (dolist (dir dirs)
	      (when (and dir
	      	         (setq dir (directory-file-name dir))
                         (file-name-absolute-p dir)
	      	         (file-directory-p dir)
	                 (not (string-match "\\`\\.\\."
                           (setq reldir (file-relative-name dir expanded))))
			 (not (file-name-absolute-p reldir))
                         (let ((name name) (dir dir))
		           (while (and dir name
		                       (string= (file-name-nondirectory dir)
		                                (file-name-nondirectory name))
                              (setq dir (file-name-directory dir)
				   name (file-name-directory name))
			      (if (and dir name)
			         (setq dir (directory-file-name dir)
			              name (directory-file-name name)))))
		            (null name))
		   (throw 22
                      (if (string= reldir ".") (directory-file-name prefix)
                        (concat (file-name-as-directory prefix)
                                reldir))))))))))) (write-region (if (stringp x) x (prin1-to-string x)) nil "./conftest-31276")) /usr/local/share/emacs /usr/local/share/emacs
Wrote /home/pj/Download/auctex-11.84/conftest-31276
=> /usr/local/share/emacs/site-lisp
configure:2377: result: /usr/local/share/emacs/site-lisp
configure:2381: checking what file to use for auctex startup
configure:2408: result: /usr/local/share/emacs/site-lisp/auctex.el
configure:2426: checking where the package lisp files go
/usr/local/bin/emacs -batch -no-site-file -eval (let* ((path(pop command-line-args-left)) (lispdir(pop command-line-args-left)) (startup(pop command-line-args-left)) (target(pop command-line-args-left))(x (progn (setq path (directory-file-name path))
  (if (or target
          (not (string= (car load-path) (directory-file-name (car load-path)))))
    (setq path (file-name-as-directory path)))
  (setq path (expand-file-name path lispdir))
  (setq startupdir (file-name-directory (expand-file-name startup lispdir)))
  (prin1-to-string
    (if (or (string-match "\\`\\.\\."
              (setq relname (file-relative-name startupdir lispdir)))
            (file-name-absolute-p relname)
	    (string-match "\\`\\.\\."
              (setq relname (file-relative-name path lispdir)))
 	    (file-name-absolute-p relname))
	  (concat path target)
	(cond (target
	       `(expand-file-name
                   ,(file-relative-name (concat path target) startupdir)
	           (file-name-directory load-file-name)))
              ((string= path startupdir)
	         '(file-name-directory load-file-name))
	      ((string= path (directory-file-name startupdir))
                 '(directory-file-name (file-name-directory load-file-name)))
              (t
	       `(expand-file-name
                   ,(file-relative-name path startupdir)
	           (file-name-directory load-file-name))))))))) (write-region (if (stringp x) x (prin1-to-string x)) nil "./conftest-31276")) /usr/local/share/emacs/site-lisp/auctex /usr/local/share/emacs/site-lisp /usr/local/share/emacs/site-lisp/tex-site.el
Wrote /home/pj/Download/auctex-11.84/conftest-31276
=> (expand-file-name "auctex" (file-name-directory load-file-name))
configure:2507: result: /usr/local/share/emacs/site-lisp/auctex
configure:2510: checking where the data files go
/usr/local/bin/emacs -batch -no-site-file -eval (let* ((path(pop command-line-args-left)) (lispdir(pop command-line-args-left)) (startup(pop command-line-args-left)) (target(pop command-line-args-left))(x (progn (setq path (directory-file-name path))
  (if (or target
          (not (string= (car load-path) (directory-file-name (car load-path)))))
    (setq path (file-name-as-directory path)))
  (setq path (expand-file-name path lispdir))
  (setq startupdir (file-name-directory (expand-file-name startup lispdir)))
  (prin1-to-string
    (if (or (string-match "\\`\\.\\."
              (setq relname (file-relative-name startupdir lispdir)))
            (file-name-absolute-p relname)
	    (string-match "\\`\\.\\."
              (setq relname (file-relative-name path lispdir)))
 	    (file-name-absolute-p relname))
	  (concat path target)
	(cond (target
	       `(expand-file-name
                   ,(file-relative-name (concat path target) startupdir)
	           (file-name-directory load-file-name)))
              ((string= path startupdir)
	         '(file-name-directory load-file-name))
	      ((string= path (directory-file-name startupdir))
                 '(directory-file-name (file-name-directory load-file-name)))
              (t
	       `(expand-file-name
                   ,(file-relative-name path startupdir)
	           (file-name-directory load-file-name))))))))) (write-region (if (stringp x) x (prin1-to-string x)) nil "./conftest-31276")) /usr/local/share/emacs/site-lisp/auctex /usr/local/share/emacs/site-lisp /usr/local/share/emacs/site-lisp/tex-site.el
Wrote /home/pj/Download/auctex-11.84/conftest-31276
=> (expand-file-name "auctex" (file-name-directory load-file-name))
configure:2591: result: /usr/local/share/emacs/site-lisp/auctex
/usr/local/bin/emacs -batch -no-site-file -eval (let* ((path(pop command-line-args-left)) (lispdir(pop command-line-args-left)) (startup(pop command-line-args-left)) (target(pop command-line-args-left))(x (progn (setq path (directory-file-name path))
  (if (or target
          (not (string= (car load-path) (directory-file-name (car load-path)))))
    (setq path (file-name-as-directory path)))
  (setq path (expand-file-name path lispdir))
  (setq startupdir (file-name-directory (expand-file-name startup lispdir)))
  (prin1-to-string
    (if (or (string-match "\\`\\.\\."
              (setq relname (file-relative-name startupdir lispdir)))
            (file-name-absolute-p relname)
	    (string-match "\\`\\.\\."
              (setq relname (file-relative-name path lispdir)))
 	    (file-name-absolute-p relname))
	  (concat path target)
	(cond (target
	       `(expand-file-name
                   ,(file-relative-name (concat path target) startupdir)
	           (file-name-directory load-file-name)))
              ((string= path startupdir)
	         '(file-name-directory load-file-name))
	      ((string= path (directory-file-name startupdir))
                 '(directory-file-name (file-name-directory load-file-name)))
              (t
	       `(expand-file-name
                   ,(file-relative-name path startupdir)
	           (file-name-directory load-file-name))))))))) (write-region (if (stringp x) x (prin1-to-string x)) nil "./conftest-31276"))  /usr/local/share/emacs/site-lisp /usr/local/share/emacs/site-lisp/auctex.el tex-site.el
Wrote /home/pj/Download/auctex-11.84/conftest-31276
=> (expand-file-name "tex-site.el" (file-name-directory load-file-name))
configure:2668: checking where the info files go
configure:2670: result: ${datarootdir}/info
configure:2681: checking where automatically generated global style hooks go
configure:2691: result: ${localstatedir}/auctex
/usr/local/bin/emacs -batch -no-site-file -eval (let* ((path(pop command-line-args-left)) (lispdir(pop command-line-args-left)) (startup(pop command-line-args-left)) (target(pop command-line-args-left))(x (progn (setq path (directory-file-name path))
  (if (or target
          (not (string= (car load-path) (directory-file-name (car load-path)))))
    (setq path (file-name-as-directory path)))
  (setq path (expand-file-name path lispdir))
  (setq startupdir (file-name-directory (expand-file-name startup lispdir)))
  (prin1-to-string
    (if (or (string-match "\\`\\.\\."
              (setq relname (file-relative-name startupdir lispdir)))
            (file-name-absolute-p relname)
	    (string-match "\\`\\.\\."
              (setq relname (file-relative-name path lispdir)))
 	    (file-name-absolute-p relname))
	  (concat path target)
	(cond (target
	       `(expand-file-name
                   ,(file-relative-name (concat path target) startupdir)
	           (file-name-directory load-file-name)))
              ((string= path startupdir)
	         '(file-name-directory load-file-name))
	      ((string= path (directory-file-name startupdir))
                 '(directory-file-name (file-name-directory load-file-name)))
              (t
	       `(expand-file-name
                   ,(file-relative-name path startupdir)
	           (file-name-directory load-file-name))))))))) (write-region (if (stringp x) x (prin1-to-string x)) nil "./conftest-31276")) /this/is/not/valid/var/auctex /usr/local/share/emacs/site-lisp /usr/local/share/emacs/site-lisp/tex-site.el
Wrote /home/pj/Download/auctex-11.84/conftest-31276
=> "/this/is/not/valid/var/auctex"
configure:2771: checking for tex
configure:2789: found /usr/local/bin/tex
configure:2802: result: /usr/local/bin/tex
configure:2812: checking for pdftex
configure:2830: found /usr/local/bin/pdftex
configure:2843: result: /usr/local/bin/pdftex
configure:2853: checking for dvips
configure:2871: found /usr/local/bin/dvips
configure:2884: result: /usr/local/bin/dvips
configure:2899: checking for perl
configure:2917: found /usr/bin/perl
configure:2930: result: /usr/bin/perl
configure:2944: checking for makeinfo
configure:2962: found /usr/local/bin/makeinfo
configure:2975: result: /usr/local/bin/makeinfo
configure:2985: checking for texi2html
configure:3003: found /usr/local/bin/texi2html
configure:3016: result: /usr/local/bin/texi2html
configure:3026: checking for texi2dvi
configure:3044: found /usr/local/bin/texi2dvi
configure:3057: result: /usr/local/bin/texi2dvi
configure:3067: checking for texi2pdf
configure:3085: found /usr/local/bin/texi2pdf
configure:3098: result: /usr/local/bin/texi2pdf
configure:3113: checking for install-info
configure:3131: found /usr/local/bin/install-info
configure:3144: result: /usr/local/bin/install-info
configure:3397: creating ./config.status

## ---------------------- ##
## Running config.status. ##
## ---------------------- ##

This file was extended by auctex config.status 11.84, which was
generated by GNU Autoconf 2.61.  Invocation command line was

  CONFIG_FILES    = 
  CONFIG_HEADERS  = 
  CONFIG_LINKS    = 
  CONFIG_COMMANDS = 
  $ ./config.status 

on ubuntu

config.status:603: creating Makefile
config.status:603: creating tex-site.el.out
config.status:603: creating doc/Makefile
config.status:603: creating auctex.el
configure:4370: === configuring in preview (/home/pj/Download/auctex-11.84/preview)
configure:4473: running /bin/bash ./configure '--prefix=/this/is/not/valid'  '--with-texmf-dir=/home/pj/auctex-temp/' --cache-file=/dev/null --srcdir=.

## ---------------- ##
## Cache variables. ##
## ---------------- ##

ac_cv_env_INSTALL_INFO_set=
ac_cv_env_INSTALL_INFO_value=
ac_cv_env_MAKEINFO_set=
ac_cv_env_MAKEINFO_value=
ac_cv_env_PERL_set=
ac_cv_env_PERL_value=
ac_cv_env_build_alias_set=
ac_cv_env_build_alias_value=
ac_cv_env_host_alias_set=
ac_cv_env_host_alias_value=
ac_cv_env_target_alias_set=
ac_cv_env_target_alias_value=
ac_cv_path_DVIPS=/usr/local/bin/dvips
ac_cv_path_EMACS=/usr/local/bin/emacs
ac_cv_path_INSTALL_INFO=/usr/local/bin/install-info
ac_cv_path_MAKEINFO=/usr/local/bin/makeinfo
ac_cv_path_PDFTEX=/usr/local/bin/pdftex
ac_cv_path_PERL=/usr/bin/perl
ac_cv_path_TEX=/usr/local/bin/tex
ac_cv_path_TEXI2DVI=/usr/local/bin/texi2dvi
ac_cv_path_TEXI2HTML=/usr/local/bin/texi2html
ac_cv_path_TEXI2PDF=/usr/local/bin/texi2pdf
ac_cv_path_install='/usr/bin/install -c'
ac_cv_prog_MAKECMD=make
ac_cv_prog_make_make_set=yes

## ----------------- ##
## Output variables. ##
## ----------------- ##

AUCTEXDATE='2007-01-12'
AUCTEXVERSION='11.84'
DEFS='-DPACKAGE_NAME=\"auctex\" -DPACKAGE_TARNAME=\"auctex\" -DPACKAGE_VERSION=\"11.84\" -DPACKAGE_STRING=\"auctex\ 11.84\" -DPACKAGE_BUGREPORT=\"bug-auctex@gnu.org\"'
DVIPS='/usr/local/bin/dvips'
ECHO_C=''
ECHO_N='-n'
ECHO_T=''
EMACS='/usr/local/bin/emacs'
EMACS_FLAVOR='emacs'
HAVE_mule='yes'
INSTALL_DATA='${INSTALL} -m 644'
INSTALL_INFO='/usr/local/bin/install-info'
INSTALL_PROGRAM='${INSTALL}'
INSTALL_SCRIPT='${INSTALL}'
LIBOBJS=''
LIBS=''
LTLIBOBJS=''
MAKECMD='make'
MAKEINFO='/usr/local/bin/makeinfo'
MULEELC='tex-jp.elc'
MULESRC='tex-jp.el'
PACKAGE_BUGREPORT='bug-auctex@gnu.org'
PACKAGE_NAME='auctex'
PACKAGE_STRING='auctex 11.84'
PACKAGE_TARNAME='auctex'
PACKAGE_VERSION='11.84'
PATH_SEPARATOR=':'
PDFTEX='/usr/local/bin/pdftex'
PERL='/usr/bin/perl'
SET_MAKE=''
SHELL='/bin/bash'
TEX='/usr/local/bin/tex'
TEXI2DVI='/usr/local/bin/texi2dvi'
TEXI2HTML='/usr/local/bin/texi2html'
TEXI2PDF='/usr/local/bin/texi2pdf'
XEMACS='no'
auctexstartfile='/usr/local/share/emacs/site-lisp/auctex.el'
autodir='${localstatedir}/auctex'
bindir='${exec_prefix}/bin'
build_alias=''
datadir='${datarootdir}'
datarootdir='${prefix}/share'
docdir='${datarootdir}/doc/${PACKAGE_TARNAME}'
dvidir='${docdir}'
exec_prefix='${prefix}'
host_alias=''
htmldir='${docdir}'
includedir='${prefix}/include'
infodir='${datarootdir}/info'
libdir='${exec_prefix}/lib'
libexecdir='${exec_prefix}/libexec'
lispautodir='"/this/is/not/valid/var/auctex"'
lispdir='/usr/local/share/emacs/site-lisp'
lisppackagedatadir='(expand-file-name "auctex" (file-name-directory load-file-name))'
lisppackagelispdir='(expand-file-name "auctex" (file-name-directory load-file-name))'
lisptexsite='(expand-file-name "tex-site.el" (file-name-directory load-file-name))'
localedir='${datarootdir}/locale'
localstatedir='${prefix}/var'
mandir='${datarootdir}/man'
oldincludedir='/usr/include'
packagedatadir='/usr/local/share/emacs/site-lisp/auctex'
packagedir='no'
packagelispdir='/usr/local/share/emacs/site-lisp/auctex'
pdfdir='${docdir}'
prefix='/this/is/not/valid'
preview_enabled='yes'
program_transform_name='s,x,x,'
psdir='${docdir}'
sbindir='${exec_prefix}/sbin'
sharedstatedir='${prefix}/com'
subdirs=' preview'
sysconfdir='${prefix}/etc'
target_alias=''
texsite=''

## ----------- ##
## confdefs.h. ##
## ----------- ##

#define PACKAGE_NAME "auctex"
#define PACKAGE_TARNAME "auctex"
#define PACKAGE_VERSION "11.84"
#define PACKAGE_STRING "auctex 11.84"
#define PACKAGE_BUGREPORT "bug-auctex@gnu.org"

configure: exit 0
