This file contains any messages produced by compilers while
running configure, to aid debugging if configure makes a mistake.

configure:575: checking for a BSD compatible install
configure:659: checking for texi2html
configure:686: checking for xemacs
configure:713: checking for makeinfo
configure:740: checking for install-info
configure:786: checking if emacs is really XEmacs
emacs -batch -eval (let ((x (if (string-match "XEmacs" emacs-version) "yes" "no") )) (write-region (if (stringp x) (princ x) (prin1-to-string x)) nil "./conftest-2941"))
=> no
configure:853: checking where .elc files should go
configure:874: checking for emacs version
emacs -batch -eval (let ((x (and (boundp 'emacs-major-version) (format "%d.%d" emacs-major-version emacs-minor-version)))) (write-region (if (stringp x) (princ x) (prin1-to-string x)) nil "./conftest-2941"))
=> 22.0
configure:904: checking for recent gnus version
emacs -batch -eval (let ((x (progn (fmakunbound 'mm-get-content-id) (condition-case nil (progn (require 'mm-decode) (fboundp 'mm-get-content-id)) (error (prog1 nil (message "mm-decode not found"))))))) (write-region (if (stringp x) (princ x) (prin1-to-string x)) nil "./conftest-2941"))
=> t
emacs -batch -eval (let ((x (file-name-directory (locate-library "mm-decode")))) (write-region (if (stringp x) (princ x) (prin1-to-string x)) nil "./conftest-2941"))
=> /usr/local/share/emacs/22.0.50/lisp/gnus/
configure:992: checking for recent URL version
emacs -batch -eval (let ((x (progn (fmakunbound 'url-scheme-get-property) (condition-case nil (progn (require 'url-methods) (fboundp 'url-scheme-get-property)) (error (prog1 nil (message "url-methods not found"))))))) (write-region (if (stringp x) (princ x) (prin1-to-string x)) nil "./conftest-2941"))
=> t
emacs -batch -eval (let ((x (file-name-directory (locate-library "url-methods")))) (write-region (if (stringp x) (princ x) (prin1-to-string x)) nil "./conftest-2941"))
=> /usr/local/share/emacs/22.0.50/lisp/url/
configure:1080: checking how to rebuild custom autoloads
emacs -batch -eval (let ((x (progn (fmakunbound 'Custom-make-dependencies) (condition-case nil (progn (require 'cus-dep) (fboundp 'Custom-make-dependencies)) (error (prog1 nil (message "cus-dep not found"))))))) (write-region (if (stringp x) (princ x) (prin1-to-string x)) nil "./conftest-2941"))
cus-dep not found
=> nil
